<?xml version="1.0" encoding="utf-8"?>
<CoverageSession xmlns:xsd="http://www.w3.org/2001/XMLSchema" xmlns:xsi="http://www.w3.org/2001/XMLSchema-instance" Version="0.0.0.0">
  <Summary numSequencePoints="2477" visitedSequencePoints="1107" numBranchPoints="0" visitedBranchPoints="0" sequenceCoverage="44.69" branchCoverage="0.0" maxCyclomaticComplexity="15" minCyclomaticComplexity="1" maxCrapScore="56" minCrapScore="1" visitedClasses="38" numClasses="99" visitedMethods="182" numMethods="467" />
  <Modules>
    <Module>
      <Summary numSequencePoints="1811" visitedSequencePoints="441" numBranchPoints="0" visitedBranchPoints="0" sequenceCoverage="24.35" branchCoverage="0.0" maxCyclomaticComplexity="15" minCyclomaticComplexity="1" maxCrapScore="56" minCrapScore="1" visitedClasses="18" numClasses="79" visitedMethods="69" numMethods="354" />
      <ModuleTime>0001-01-01T00:00:00</ModuleTime>
      <ModuleName>GameAssembly</ModuleName>
      <Files>
        <File uid="1" fullPath="C:/Users/Ksenia/Shop Town Game/Assets/Scripts/Extensions/AnimationExtensions.cs" />
        <File uid="2" fullPath="C:/Users/Ksenia/Shop Town Game/Assets/Scripts/Extensions/DoubleExtension.cs" />
        <File uid="3" fullPath="C:/Users/Ksenia/Shop Town Game/Assets/Scripts/Extensions/MoneyExtension.cs" />
        <File uid="4" fullPath="C:/Users/Ksenia/Shop Town Game/Assets/Scripts/Extensions/TimeSpanExtension.cs" />
        <File uid="5" fullPath="C:/Users/Ksenia/Shop Town Game/Assets/Scripts/ModelComponent/TimeModel.cs" />
        <File uid="6" fullPath="C:/Users/Ksenia/Shop Town Game/Assets/Scripts/ModelComponent/Boards/GameBoardModel.cs" />
        <File uid="7" fullPath="C:/Users/Ksenia/Shop Town Game/Assets/Scripts/ModelComponent/Boards/SplashBoardModel.cs" />
        <File uid="8" fullPath="C:/Users/Ksenia/Shop Town Game/Assets/Scripts/ModelComponent/GameDataModel.cs" />
        <File uid="9" fullPath="C:/Users/Ksenia/Shop Town Game/Assets/Scripts/ModelComponent/Items/GameCellModel.cs" />
        <File uid="10" fullPath="C:/Users/Ksenia/Shop Town Game/Assets/Scripts/ModelComponent/Items/ImprovementModel.cs" />
        <File uid="11" fullPath="C:/Users/Ksenia/Shop Town Game/Assets/Scripts/ModelComponent/Items/PackModel.cs" />
        <File uid="12" fullPath="C:/Users/Ksenia/Shop Town Game/Assets/Scripts/ModelComponent/Items/SplashCellModel.cs" />
        <File uid="13" fullPath="C:/Users/Ksenia/Shop Town Game/Assets/Scripts/ModelComponent/MoneyModel.cs" />
        <File uid="14" fullPath="C:/Users/Ksenia/Shop Town Game/Assets/Scripts/ModelComponent/SettingModel.cs" />
        <File uid="15" fullPath="C:/Users/Ksenia/Shop Town Game/Assets/Scripts/PresenterComponent/AudioPresenter.cs" />
        <File uid="16" fullPath="C:/Users/Ksenia/Shop Town Game/Assets/Scripts/PresenterComponent/ButtonSubscriber.cs" />
        <File uid="17" fullPath="C:/Users/Ksenia/Shop Town Game/Assets/Scripts/PresenterComponent/ItemFactories/GameCellFactory.cs" />
        <File uid="18" fullPath="C:/Users/Ksenia/Shop Town Game/Assets/Scripts/PresenterComponent/ItemFactories/ManagerFactory.cs" />
        <File uid="19" fullPath="C:/Users/Ksenia/Shop Town Game/Assets/Scripts/PresenterComponent/ItemFactories/UpgradeFactory.cs" />
        <File uid="20" fullPath="C:/Users/Ksenia/Shop Town Game/Assets/Scripts/PresenterComponent/Items/GameCellPresenter.cs" />
        <File uid="21" fullPath="C:/Users/Ksenia/Shop Town Game/Assets/Scripts/PresenterComponent/Items/ImprovementPresenter.cs" />
        <File uid="22" fullPath="C:/Users/Ksenia/Shop Town Game/Assets/Scripts/PresenterComponent/Items/ManagerPresenter.cs" />
        <File uid="23" fullPath="C:/Users/Ksenia/Shop Town Game/Assets/Scripts/PresenterComponent/Items/UpgradePresenter.cs" />
        <File uid="24" fullPath="C:/Users/Ksenia/Shop Town Game/Assets/Scripts/PresenterComponent/Screens/GameScreenPresenter.cs" />
        <File uid="25" fullPath="C:/Users/Ksenia/Shop Town Game/Assets/Scripts/PresenterComponent/Screens/MenuScreenPresenter.cs" />
        <File uid="26" fullPath="C:/Users/Ksenia/Shop Town Game/Assets/Scripts/PresenterComponent/Screens/NewBusinessScreenPresenter.cs" />
        <File uid="27" fullPath="C:/Users/Ksenia/Shop Town Game/Assets/Scripts/PresenterComponent/Screens/PurchaseScreenPresenter.cs" />
        <File uid="28" fullPath="C:/Users/Ksenia/Shop Town Game/Assets/Scripts/PresenterComponent/Screens/SplashScreenPresenter.cs" />
        <File uid="29" fullPath="C:/Users/Ksenia/Shop Town Game/Assets/Scripts/PresenterComponent/Screens/WelcomeScreenPresenter.cs" />
        <File uid="30" fullPath="C:/Users/Ksenia/Shop Town Game/Assets/Scripts/ViewComponent/AudioSourceView.cs" />
        <File uid="31" fullPath="C:/Users/Ksenia/Shop Town Game/Assets/Scripts/ViewComponent/Items/GameCellView.cs" />
        <File uid="32" fullPath="C:/Users/Ksenia/Shop Town Game/Assets/Scripts/ViewComponent/Items/ImprovementView.cs" />
        <File uid="33" fullPath="C:/Users/Ksenia/Shop Town Game/Assets/Scripts/ViewComponent/Items/PackCellView.cs" />
        <File uid="34" fullPath="C:/Users/Ksenia/Shop Town Game/Assets/Scripts/ViewComponent/Items/SplashCellView.cs" />
        <File uid="35" fullPath="C:/Users/Ksenia/Shop Town Game/Assets/Scripts/ViewComponent/Screens/GameScreenView.cs" />
        <File uid="36" fullPath="C:/Users/Ksenia/Shop Town Game/Assets/Scripts/ViewComponent/Screens/MenuScreenView.cs" />
        <File uid="37" fullPath="C:/Users/Ksenia/Shop Town Game/Assets/Scripts/ViewComponent/Screens/NewBusinessScreenView.cs" />
        <File uid="38" fullPath="C:/Users/Ksenia/Shop Town Game/Assets/Scripts/ViewComponent/Screens/PurchaseScreenView.cs" />
        <File uid="39" fullPath="C:/Users/Ksenia/Shop Town Game/Assets/Scripts/ViewComponent/Screens/SplashScreenView.cs" />
        <File uid="40" fullPath="C:/Users/Ksenia/Shop Town Game/Assets/Scripts/ViewComponent/Screens/WelcomeScreenView.cs" />
        <File uid="41" fullPath="C:/Users/Ksenia/Shop Town Game/Assets/Scripts/ControllerComponent/Boards/GameBoardController.cs" />
        <File uid="42" fullPath="C:/Users/Ksenia/Shop Town Game/Assets/Scripts/ControllerComponent/Boards/ImprovementController.cs" />
        <File uid="43" fullPath="C:/Users/Ksenia/Shop Town Game/Assets/Scripts/ControllerComponent/Boards/ManagerController.cs" />
        <File uid="44" fullPath="C:/Users/Ksenia/Shop Town Game/Assets/Scripts/ControllerComponent/Boards/UpgradeController.cs" />
        <File uid="45" fullPath="C:/Users/Ksenia/Shop Town Game/Assets/Scripts/ControllerComponent/GameLifetimeScope.cs" />
        <File uid="46" fullPath="C:/Users/Ksenia/Shop Town Game/Assets/Scripts/ControllerComponent/GameplayController.cs" />
        <File uid="47" fullPath="C:/Users/Ksenia/Shop Town Game/Assets/Scripts/ControllerComponent/Managers/DataManager.cs" />
        <File uid="48" fullPath="C:/Users/Ksenia/Shop Town Game/Assets/Scripts/ControllerComponent/Managers/StorageManager.cs" />
        <File uid="49" fullPath="C:/Users/Ksenia/Shop Town Game/Assets/Scripts/Containers/Sprite/GameCellContainer.cs" />
        <File uid="50" fullPath="C:/Users/Ksenia/Shop Town Game/Assets/Scripts/Containers/Sprite/ImprovementContainer.cs" />
        <File uid="51" fullPath="C:/Users/Ksenia/Shop Town Game/Assets/Scripts/Containers/Sprite/SplashCellContainer.cs" />
        <File uid="52" fullPath="C:/Users/Ksenia/Shop Town Game/Assets/Scripts/Containers/Data/BoardData.cs" />
        <File uid="53" fullPath="C:/Users/Ksenia/Shop Town Game/Assets/Scripts/Containers/Data/BusinessData.cs" />
        <File uid="54" fullPath="C:/Users/Ksenia/Shop Town Game/Assets/Scripts/Containers/Data/GameData.cs" />
        <File uid="55" fullPath="C:/Users/Ksenia/Shop Town Game/Assets/Scripts/Containers/Data/ImprovementData.cs" />
        <File uid="56" fullPath="C:/Users/Ksenia/Shop Town Game/Assets/Scripts/Containers/Data/PacksData.cs" />
        <File uid="57" fullPath="C:/Users/Ksenia/Shop Town Game/Assets/Scripts/Containers/Sprite/CurrencyContainer.cs" />
      </Files>
      <Classes>
        <Class>
          <Summary numSequencePoints="47" visitedSequencePoints="0" numBranchPoints="0" visitedBranchPoints="0" sequenceCoverage="0.0" branchCoverage="0.0" maxCyclomaticComplexity="2" minCyclomaticComplexity="1" maxCrapScore="6" minCrapScore="2" visitedClasses="0" numClasses="1" visitedMethods="0" numMethods="6" />
          <FullName>AnimationExtensions</FullName>
          <Methods>
            <Method visited="false" cyclomaticComplexity="2" nPathComplexity="0" sequenceCoverage="0.0" branchCoverage="0" crapScore="6" isConstructor="false" isStatic="true" isGetter="false" isSetter="false">
              <Summary numSequencePoints="9" visitedSequencePoints="0" numBranchPoints="0" visitedBranchPoints="0" sequenceCoverage="0.0" branchCoverage="0" maxCyclomaticComplexity="2" minCyclomaticComplexity="2" maxCrapScore="6" minCrapScore="6" visitedClasses="0" numClasses="0" visitedMethods="0" numMethods="1" />
              <MetadataToken>100663297</MetadataToken>
              <Name>static System.Void AnimationExtensions::Fade(UnityEngine.UI.Graphic, System.Single, System.Single, DG.Tweening.Sequence, System.Action)</Name>
              <FileRef uid="1" />
              <SequencePoints>
                <SequencePoint vc="0" uspid="1" ordinal="0" offset="14" sl="11" sc="0" el="11" ec="0" bec="0" bev="0" fileid="1" />
                <SequencePoint vc="0" uspid="2" ordinal="0" offset="15" sl="12" sc="0" el="12" ec="0" bec="0" bev="0" fileid="1" />
                <SequencePoint vc="0" uspid="3" ordinal="0" offset="23" sl="13" sc="0" el="13" ec="0" bec="0" bev="0" fileid="1" />
                <SequencePoint vc="0" uspid="4" ordinal="0" offset="24" sl="14" sc="0" el="14" ec="0" bec="0" bev="0" fileid="1" />
                <SequencePoint vc="0" uspid="5" ordinal="0" offset="56" sl="15" sc="0" el="15" ec="0" bec="0" bev="0" fileid="1" />
                <SequencePoint vc="0" uspid="6" ordinal="0" offset="59" sl="18" sc="0" el="18" ec="0" bec="0" bev="0" fileid="1" />
                <SequencePoint vc="0" uspid="7" ordinal="0" offset="60" sl="19" sc="0" el="19" ec="0" bec="0" bev="0" fileid="1" />
                <SequencePoint vc="0" uspid="8" ordinal="0" offset="86" sl="20" sc="0" el="20" ec="0" bec="0" bev="0" fileid="1" />
                <SequencePoint vc="0" uspid="9" ordinal="0" offset="87" sl="21" sc="0" el="21" ec="0" bec="0" bev="0" fileid="1" />
              </SequencePoints>
              <BranchPoints />
            </Method>
            <Method visited="false" cyclomaticComplexity="1" nPathComplexity="0" sequenceCoverage="0.0" branchCoverage="0" crapScore="2" isConstructor="false" isStatic="true" isGetter="false" isSetter="false">
              <Summary numSequencePoints="5" visitedSequencePoints="0" numBranchPoints="0" visitedBranchPoints="0" sequenceCoverage="0.0" branchCoverage="0" maxCyclomaticComplexity="1" minCyclomaticComplexity="1" maxCrapScore="2" minCrapScore="2" visitedClasses="0" numClasses="0" visitedMethods="0" numMethods="1" />
              <MetadataToken>100663298</MetadataToken>
              <Name>static System.Void AnimationExtensions::Fill(UnityEngine.UI.Image, TMPro.TextMeshProUGUI, System.TimeSpan, System.TimeSpan, DG.Tweening.Sequence, System.Action)</Name>
              <FileRef uid="1" />
              <SequencePoints>
                <SequencePoint vc="0" uspid="10" ordinal="0" offset="21" sl="25" sc="0" el="25" ec="0" bec="0" bev="0" fileid="1" />
                <SequencePoint vc="0" uspid="11" ordinal="0" offset="22" sl="26" sc="0" el="26" ec="0" bec="0" bev="0" fileid="1" />
                <SequencePoint vc="0" uspid="12" ordinal="0" offset="36" sl="27" sc="0" el="27" ec="0" bec="0" bev="0" fileid="1" />
                <SequencePoint vc="0" uspid="13" ordinal="0" offset="50" sl="29" sc="0" el="29" ec="0" bec="0" bev="0" fileid="1" />
                <SequencePoint vc="0" uspid="14" ordinal="0" offset="116" sl="33" sc="0" el="33" ec="0" bec="0" bev="0" fileid="1" />
              </SequencePoints>
              <BranchPoints />
            </Method>
            <Method visited="false" cyclomaticComplexity="2" nPathComplexity="0" sequenceCoverage="0.0" branchCoverage="0" crapScore="6" isConstructor="false" isStatic="true" isGetter="false" isSetter="false">
              <Summary numSequencePoints="9" visitedSequencePoints="0" numBranchPoints="0" visitedBranchPoints="0" sequenceCoverage="0.0" branchCoverage="0" maxCyclomaticComplexity="2" minCyclomaticComplexity="2" maxCrapScore="6" minCrapScore="6" visitedClasses="0" numClasses="0" visitedMethods="0" numMethods="1" />
              <MetadataToken>100663299</MetadataToken>
              <Name>static System.Void AnimationExtensions::Scale(UnityEngine.Transform, UnityEngine.Vector2, System.Single, DG.Tweening.Sequence, System.Action)</Name>
              <FileRef uid="1" />
              <SequencePoints>
                <SequencePoint vc="0" uspid="15" ordinal="0" offset="14" sl="37" sc="0" el="37" ec="0" bec="0" bev="0" fileid="1" />
                <SequencePoint vc="0" uspid="16" ordinal="0" offset="15" sl="38" sc="0" el="38" ec="0" bec="0" bev="0" fileid="1" />
                <SequencePoint vc="0" uspid="17" ordinal="0" offset="23" sl="39" sc="0" el="39" ec="0" bec="0" bev="0" fileid="1" />
                <SequencePoint vc="0" uspid="18" ordinal="0" offset="24" sl="40" sc="0" el="40" ec="0" bec="0" bev="0" fileid="1" />
                <SequencePoint vc="0" uspid="19" ordinal="0" offset="61" sl="41" sc="0" el="41" ec="0" bec="0" bev="0" fileid="1" />
                <SequencePoint vc="0" uspid="20" ordinal="0" offset="64" sl="44" sc="0" el="44" ec="0" bec="0" bev="0" fileid="1" />
                <SequencePoint vc="0" uspid="21" ordinal="0" offset="65" sl="45" sc="0" el="45" ec="0" bec="0" bev="0" fileid="1" />
                <SequencePoint vc="0" uspid="22" ordinal="0" offset="96" sl="46" sc="0" el="46" ec="0" bec="0" bev="0" fileid="1" />
                <SequencePoint vc="0" uspid="23" ordinal="0" offset="97" sl="47" sc="0" el="47" ec="0" bec="0" bev="0" fileid="1" />
              </SequencePoints>
              <BranchPoints />
            </Method>
            <Method visited="false" cyclomaticComplexity="1" nPathComplexity="0" sequenceCoverage="0.0" branchCoverage="0" crapScore="2" isConstructor="false" isStatic="true" isGetter="false" isSetter="false">
              <Summary numSequencePoints="8" visitedSequencePoints="0" numBranchPoints="0" visitedBranchPoints="0" sequenceCoverage="0.0" branchCoverage="0" maxCyclomaticComplexity="1" minCyclomaticComplexity="1" maxCrapScore="2" minCrapScore="2" visitedClasses="0" numClasses="0" visitedMethods="0" numMethods="1" />
              <MetadataToken>100663300</MetadataToken>
              <Name>static System.Void AnimationExtensions::MoveFromScreenBorder(UnityEngine.Transform, System.Single, System.Single, System.Single, DG.Tweening.Sequence)</Name>
              <FileRef uid="1" />
              <SequencePoints>
                <SequencePoint vc="0" uspid="24" ordinal="0" offset="0" sl="51" sc="0" el="51" ec="0" bec="0" bev="0" fileid="1" />
                <SequencePoint vc="0" uspid="25" ordinal="0" offset="1" sl="52" sc="0" el="52" ec="0" bec="0" bev="0" fileid="1" />
                <SequencePoint vc="0" uspid="26" ordinal="0" offset="8" sl="54" sc="0" el="54" ec="0" bec="0" bev="0" fileid="1" />
                <SequencePoint vc="0" uspid="27" ordinal="0" offset="24" sl="55" sc="0" el="55" ec="0" bec="0" bev="0" fileid="1" />
                <SequencePoint vc="0" uspid="28" ordinal="0" offset="40" sl="56" sc="0" el="56" ec="0" bec="0" bev="0" fileid="1" />
                <SequencePoint vc="0" uspid="29" ordinal="0" offset="49" sl="58" sc="0" el="58" ec="0" bec="0" bev="0" fileid="1" />
                <SequencePoint vc="0" uspid="30" ordinal="0" offset="62" sl="59" sc="0" el="59" ec="0" bec="0" bev="0" fileid="1" />
                <SequencePoint vc="0" uspid="31" ordinal="0" offset="78" sl="60" sc="0" el="60" ec="0" bec="0" bev="0" fileid="1" />
              </SequencePoints>
              <BranchPoints />
            </Method>
            <Method visited="false" cyclomaticComplexity="1" nPathComplexity="0" sequenceCoverage="0.0" branchCoverage="0" crapScore="2" isConstructor="false" isStatic="true" isGetter="false" isSetter="false">
              <Summary numSequencePoints="7" visitedSequencePoints="0" numBranchPoints="0" visitedBranchPoints="0" sequenceCoverage="0.0" branchCoverage="0" maxCyclomaticComplexity="1" minCyclomaticComplexity="1" maxCrapScore="2" minCrapScore="2" visitedClasses="0" numClasses="0" visitedMethods="0" numMethods="1" />
              <MetadataToken>100663301</MetadataToken>
              <Name>static System.Void AnimationExtensions::MoveToScreenBorder(UnityEngine.Transform, System.Single, System.Single, System.Single, DG.Tweening.Sequence)</Name>
              <FileRef uid="1" />
              <SequencePoints>
                <SequencePoint vc="0" uspid="32" ordinal="0" offset="0" sl="64" sc="0" el="64" ec="0" bec="0" bev="0" fileid="1" />
                <SequencePoint vc="0" uspid="33" ordinal="0" offset="1" sl="65" sc="0" el="65" ec="0" bec="0" bev="0" fileid="1" />
                <SequencePoint vc="0" uspid="34" ordinal="0" offset="8" sl="67" sc="0" el="67" ec="0" bec="0" bev="0" fileid="1" />
                <SequencePoint vc="0" uspid="35" ordinal="0" offset="24" sl="68" sc="0" el="68" ec="0" bec="0" bev="0" fileid="1" />
                <SequencePoint vc="0" uspid="36" ordinal="0" offset="40" sl="69" sc="0" el="69" ec="0" bec="0" bev="0" fileid="1" />
                <SequencePoint vc="0" uspid="37" ordinal="0" offset="49" sl="71" sc="0" el="71" ec="0" bec="0" bev="0" fileid="1" />
                <SequencePoint vc="0" uspid="38" ordinal="0" offset="60" sl="72" sc="0" el="72" ec="0" bec="0" bev="0" fileid="1" />
              </SequencePoints>
              <BranchPoints />
            </Method>
            <Method visited="false" cyclomaticComplexity="2" nPathComplexity="0" sequenceCoverage="0.0" branchCoverage="0" crapScore="6" isConstructor="false" isStatic="true" isGetter="false" isSetter="false">
              <Summary numSequencePoints="9" visitedSequencePoints="0" numBranchPoints="0" visitedBranchPoints="0" sequenceCoverage="0.0" branchCoverage="0" maxCyclomaticComplexity="2" minCyclomaticComplexity="2" maxCrapScore="6" minCrapScore="6" visitedClasses="0" numClasses="0" visitedMethods="0" numMethods="1" />
              <MetadataToken>100663302</MetadataToken>
              <Name>static System.Void AnimationExtensions::Move(UnityEngine.Transform, UnityEngine.Vector2, System.Single, DG.Tweening.Sequence)</Name>
              <FileRef uid="1" />
              <SequencePoints>
                <SequencePoint vc="0" uspid="39" ordinal="0" offset="0" sl="76" sc="0" el="76" ec="0" bec="0" bev="0" fileid="1" />
                <SequencePoint vc="0" uspid="40" ordinal="0" offset="1" sl="77" sc="0" el="77" ec="0" bec="0" bev="0" fileid="1" />
                <SequencePoint vc="0" uspid="41" ordinal="0" offset="9" sl="78" sc="0" el="78" ec="0" bec="0" bev="0" fileid="1" />
                <SequencePoint vc="0" uspid="42" ordinal="0" offset="10" sl="79" sc="0" el="79" ec="0" bec="0" bev="0" fileid="1" />
                <SequencePoint vc="0" uspid="43" ordinal="0" offset="31" sl="80" sc="0" el="80" ec="0" bec="0" bev="0" fileid="1" />
                <SequencePoint vc="0" uspid="44" ordinal="0" offset="34" sl="83" sc="0" el="83" ec="0" bec="0" bev="0" fileid="1" />
                <SequencePoint vc="0" uspid="45" ordinal="0" offset="35" sl="84" sc="0" el="84" ec="0" bec="0" bev="0" fileid="1" />
                <SequencePoint vc="0" uspid="46" ordinal="0" offset="50" sl="85" sc="0" el="85" ec="0" bec="0" bev="0" fileid="1" />
                <SequencePoint vc="0" uspid="47" ordinal="0" offset="51" sl="86" sc="0" el="86" ec="0" bec="0" bev="0" fileid="1" />
              </SequencePoints>
              <BranchPoints />
            </Method>
          </Methods>
        </Class>
        <Class>
          <Summary numSequencePoints="3" visitedSequencePoints="0" numBranchPoints="0" visitedBranchPoints="0" sequenceCoverage="0.0" branchCoverage="0.0" maxCyclomaticComplexity="1" minCyclomaticComplexity="1" maxCrapScore="2" minCrapScore="2" visitedClasses="0" numClasses="1" visitedMethods="0" numMethods="1" />
          <FullName>DoubleExtension</FullName>
          <Methods>
            <Method visited="false" cyclomaticComplexity="1" nPathComplexity="0" sequenceCoverage="0.0" branchCoverage="0" crapScore="2" isConstructor="false" isStatic="true" isGetter="false" isSetter="false">
              <Summary numSequencePoints="3" visitedSequencePoints="0" numBranchPoints="0" visitedBranchPoints="0" sequenceCoverage="0.0" branchCoverage="0" maxCyclomaticComplexity="1" minCyclomaticComplexity="1" maxCrapScore="2" minCrapScore="2" visitedClasses="0" numClasses="0" visitedMethods="0" numMethods="1" />
              <MetadataToken>100663303</MetadataToken>
              <Name>static System.String DoubleExtension::ToFormattedString(System.Double)</Name>
              <FileRef uid="2" />
              <SequencePoints>
                <SequencePoint vc="0" uspid="48" ordinal="0" offset="0" sl="4" sc="0" el="4" ec="0" bec="0" bev="0" fileid="2" />
                <SequencePoint vc="0" uspid="49" ordinal="0" offset="1" sl="5" sc="0" el="5" ec="0" bec="0" bev="0" fileid="2" />
                <SequencePoint vc="0" uspid="50" ordinal="0" offset="26" sl="6" sc="0" el="6" ec="0" bec="0" bev="0" fileid="2" />
              </SequencePoints>
              <BranchPoints />
            </Method>
          </Methods>
        </Class>
        <Class>
          <Summary numSequencePoints="45" visitedSequencePoints="42" numBranchPoints="0" visitedBranchPoints="0" sequenceCoverage="93.33" branchCoverage="0.0" maxCyclomaticComplexity="5" minCyclomaticComplexity="1" maxCrapScore="5" minCrapScore="1" visitedClasses="1" numClasses="1" visitedMethods="4" numMethods="4" />
          <FullName>MoneyExtension</FullName>
          <Methods>
            <Method visited="true" cyclomaticComplexity="1" nPathComplexity="0" sequenceCoverage="100.0" branchCoverage="0" crapScore="1" isConstructor="false" isStatic="true" isGetter="false" isSetter="false">
              <Summary numSequencePoints="4" visitedSequencePoints="4" numBranchPoints="0" visitedBranchPoints="0" sequenceCoverage="100.0" branchCoverage="0" maxCyclomaticComplexity="1" minCyclomaticComplexity="1" maxCrapScore="1" minCrapScore="1" visitedClasses="0" numClasses="0" visitedMethods="1" numMethods="1" />
              <MetadataToken>100663304</MetadataToken>
              <Name>static System.String MoneyExtension::ToFormattedString(ShopTown.ModelComponent.MoneyModel)</Name>
              <FileRef uid="3" />
              <SequencePoints>
                <SequencePoint vc="9" uspid="51" ordinal="0" offset="0" sl="7" sc="5" el="7" ec="5" bec="0" bev="0" fileid="3" />
                <SequencePoint vc="9" uspid="52" ordinal="0" offset="1" sl="8" sc="9" el="8" ec="9" bec="0" bev="0" fileid="3" />
                <SequencePoint vc="9" uspid="53" ordinal="0" offset="13" sl="9" sc="9" el="9" ec="9" bec="0" bev="0" fileid="3" />
                <SequencePoint vc="9" uspid="54" ordinal="0" offset="33" sl="10" sc="5" el="10" ec="5" bec="0" bev="0" fileid="3" />
              </SequencePoints>
              <BranchPoints />
            </Method>
            <Method visited="true" cyclomaticComplexity="5" nPathComplexity="0" sequenceCoverage="100.0" branchCoverage="0" crapScore="5" isConstructor="false" isStatic="true" isGetter="false" isSetter="false">
              <Summary numSequencePoints="26" visitedSequencePoints="26" numBranchPoints="0" visitedBranchPoints="0" sequenceCoverage="100.0" branchCoverage="0" maxCyclomaticComplexity="5" minCyclomaticComplexity="5" maxCrapScore="5" minCrapScore="5" visitedClasses="0" numClasses="0" visitedMethods="1" numMethods="1" />
              <MetadataToken>100663305</MetadataToken>
              <Name>static MoneyFormat MoneyExtension::GetNumberDetails(System.Double)</Name>
              <FileRef uid="3" />
              <SequencePoints>
                <SequencePoint vc="9" uspid="55" ordinal="0" offset="0" sl="121" sc="5" el="121" ec="5" bec="0" bev="0" fileid="3" />
                <SequencePoint vc="9" uspid="56" ordinal="0" offset="1" sl="122" sc="9" el="122" ec="9" bec="0" bev="0" fileid="3" />
                <SequencePoint vc="9" uspid="57" ordinal="0" offset="9" sl="123" sc="9" el="123" ec="9" bec="0" bev="0" fileid="3" />
                <SequencePoint vc="9" uspid="58" ordinal="0" offset="18" sl="126" sc="9" el="126" ec="9" bec="0" bev="0" fileid="3" />
                <SequencePoint vc="4" uspid="59" ordinal="0" offset="32" sl="127" sc="9" el="127" ec="9" bec="0" bev="0" fileid="3" />
                <SequencePoint vc="4" uspid="60" ordinal="0" offset="33" sl="128" sc="13" el="128" ec="13" bec="0" bev="0" fileid="3" />
                <SequencePoint vc="4" uspid="61" ordinal="0" offset="46" sl="130" sc="13" el="130" ec="13" bec="0" bev="0" fileid="3" />
                <SequencePoint vc="2" uspid="62" ordinal="0" offset="77" sl="131" sc="13" el="131" ec="13" bec="0" bev="0" fileid="3" />
                <SequencePoint vc="2" uspid="63" ordinal="0" offset="78" sl="132" sc="17" el="132" ec="17" bec="0" bev="0" fileid="3" />
                <SequencePoint vc="2" uspid="64" ordinal="0" offset="108" sl="135" sc="13" el="135" ec="13" bec="0" bev="0" fileid="3" />
                <SequencePoint vc="5" uspid="65" ordinal="0" offset="127" sl="138" sc="9" el="138" ec="9" bec="0" bev="0" fileid="3" />
                <SequencePoint vc="5" uspid="66" ordinal="0" offset="135" sl="139" sc="9" el="139" ec="9" bec="0" bev="0" fileid="3" />
                <SequencePoint vc="5" uspid="67" ordinal="0" offset="140" sl="140" sc="9" el="140" ec="9" bec="0" bev="0" fileid="3" />
                <SequencePoint vc="5" uspid="68" ordinal="0" offset="155" sl="142" sc="9" el="142" ec="9" bec="0" bev="0" fileid="3" />
                <SequencePoint vc="5" uspid="69" ordinal="0" offset="166" sl="143" sc="9" el="143" ec="9" bec="0" bev="0" fileid="3" />
                <SequencePoint vc="5" uspid="70" ordinal="0" offset="188" sl="144" sc="9" el="144" ec="9" bec="0" bev="0" fileid="3" />
                <SequencePoint vc="1" uspid="71" ordinal="0" offset="215" sl="145" sc="9" el="145" ec="9" bec="0" bev="0" fileid="3" />
                <SequencePoint vc="1" uspid="72" ordinal="0" offset="216" sl="146" sc="13" el="146" ec="13" bec="0" bev="0" fileid="3" />
                <SequencePoint vc="1" uspid="73" ordinal="0" offset="235" sl="147" sc="13" el="147" ec="13" bec="0" bev="0" fileid="3" />
                <SequencePoint vc="1" uspid="74" ordinal="0" offset="254" sl="148" sc="9" el="148" ec="9" bec="0" bev="0" fileid="3" />
                <SequencePoint vc="5" uspid="75" ordinal="0" offset="255" sl="150" sc="9" el="150" ec="9" bec="0" bev="0" fileid="3" />
                <SequencePoint vc="3" uspid="76" ordinal="0" offset="276" sl="151" sc="9" el="151" ec="9" bec="0" bev="0" fileid="3" />
                <SequencePoint vc="3" uspid="77" ordinal="0" offset="277" sl="152" sc="13" el="152" ec="13" bec="0" bev="0" fileid="3" />
                <SequencePoint vc="3" uspid="78" ordinal="0" offset="286" sl="153" sc="9" el="153" ec="9" bec="0" bev="0" fileid="3" />
                <SequencePoint vc="5" uspid="79" ordinal="0" offset="287" sl="155" sc="9" el="155" ec="9" bec="0" bev="0" fileid="3" />
                <SequencePoint vc="9" uspid="80" ordinal="0" offset="300" sl="156" sc="5" el="156" ec="5" bec="0" bev="0" fileid="3" />
              </SequencePoints>
              <BranchPoints />
            </Method>
            <Method visited="true" cyclomaticComplexity="3" nPathComplexity="0" sequenceCoverage="76.92" branchCoverage="0" crapScore="3.11" isConstructor="false" isStatic="true" isGetter="false" isSetter="false">
              <Summary numSequencePoints="13" visitedSequencePoints="10" numBranchPoints="0" visitedBranchPoints="0" sequenceCoverage="76.92" branchCoverage="0" maxCyclomaticComplexity="3" minCyclomaticComplexity="3" maxCrapScore="3.11" minCrapScore="3.11" visitedClasses="0" numClasses="0" visitedMethods="1" numMethods="1" />
              <MetadataToken>100663306</MetadataToken>
              <Name>static System.Int32 MoneyExtension::DigitCount(System.String)</Name>
              <FileRef uid="3" />
              <SequencePoints>
                <SequencePoint vc="9" uspid="81" ordinal="0" offset="0" sl="159" sc="5" el="159" ec="5" bec="0" bev="0" fileid="3" />
                <SequencePoint vc="9" uspid="82" ordinal="0" offset="1" sl="160" sc="9" el="160" ec="9" bec="0" bev="0" fileid="3" />
                <SequencePoint vc="9" uspid="83" ordinal="0" offset="13" sl="161" sc="9" el="161" ec="9" bec="0" bev="0" fileid="3" />
                <SequencePoint vc="0" uspid="84" ordinal="0" offset="21" sl="162" sc="9" el="162" ec="9" bec="0" bev="0" fileid="3" />
                <SequencePoint vc="0" uspid="85" ordinal="0" offset="22" sl="163" sc="13" el="163" ec="13" bec="0" bev="0" fileid="3" />
                <SequencePoint vc="0" uspid="86" ordinal="0" offset="38" sl="164" sc="13" el="164" ec="13" bec="0" bev="0" fileid="3" />
                <SequencePoint vc="9" uspid="87" ordinal="0" offset="50" sl="167" sc="9" el="167" ec="9" bec="0" bev="0" fileid="3" />
                <SequencePoint vc="9" uspid="88" ordinal="0" offset="62" sl="168" sc="9" el="168" ec="9" bec="0" bev="0" fileid="3" />
                <SequencePoint vc="2" uspid="89" ordinal="0" offset="72" sl="169" sc="9" el="169" ec="9" bec="0" bev="0" fileid="3" />
                <SequencePoint vc="2" uspid="90" ordinal="0" offset="73" sl="170" sc="13" el="170" ec="13" bec="0" bev="0" fileid="3" />
                <SequencePoint vc="2" uspid="91" ordinal="0" offset="83" sl="171" sc="9" el="171" ec="9" bec="0" bev="0" fileid="3" />
                <SequencePoint vc="9" uspid="92" ordinal="0" offset="84" sl="173" sc="9" el="173" ec="9" bec="0" bev="0" fileid="3" />
                <SequencePoint vc="9" uspid="93" ordinal="0" offset="94" sl="174" sc="5" el="174" ec="5" bec="0" bev="0" fileid="3" />
              </SequencePoints>
              <BranchPoints />
            </Method>
            <Method visited="true" cyclomaticComplexity="1" nPathComplexity="0" sequenceCoverage="100.0" branchCoverage="0" crapScore="1" isConstructor="true" isStatic="true" isGetter="false" isSetter="false">
              <Summary numSequencePoints="2" visitedSequencePoints="2" numBranchPoints="0" visitedBranchPoints="0" sequenceCoverage="100.0" branchCoverage="0" maxCyclomaticComplexity="1" minCyclomaticComplexity="1" maxCrapScore="1" minCrapScore="1" visitedClasses="0" numClasses="0" visitedMethods="1" numMethods="1" />
              <MetadataToken>100663307</MetadataToken>
              <Name>static MoneyExtension::MoneyExtension()</Name>
              <FileRef uid="3" />
              <SequencePoints>
                <SequencePoint vc="1" uspid="94" ordinal="0" offset="0" sl="12" sc="5" el="12" ec="5" bec="0" bev="0" fileid="3" />
                <SequencePoint vc="1" uspid="95" ordinal="0" offset="1616" sl="118" sc="5" el="118" ec="5" bec="0" bev="0" fileid="3" />
              </SequencePoints>
              <BranchPoints />
            </Method>
          </Methods>
        </Class>
        <Class>
          <Summary numSequencePoints="9" visitedSequencePoints="8" numBranchPoints="0" visitedBranchPoints="0" sequenceCoverage="88.89" branchCoverage="0.0" maxCyclomaticComplexity="1" minCyclomaticComplexity="1" maxCrapScore="2" minCrapScore="1" visitedClasses="1" numClasses="1" visitedMethods="3" numMethods="4" />
          <FullName>MoneyFormat</FullName>
          <Methods>
            <Method visited="false" cyclomaticComplexity="1" nPathComplexity="0" sequenceCoverage="0.0" branchCoverage="0" crapScore="2" isConstructor="false" isStatic="false" isGetter="true" isSetter="false">
              <Summary numSequencePoints="1" visitedSequencePoints="0" numBranchPoints="0" visitedBranchPoints="0" sequenceCoverage="0.0" branchCoverage="0" maxCyclomaticComplexity="1" minCyclomaticComplexity="1" maxCrapScore="2" minCrapScore="2" visitedClasses="0" numClasses="0" visitedMethods="0" numMethods="1" />
              <MetadataToken>100663308</MetadataToken>
              <Name>System.Double MoneyFormat::get_Number()</Name>
              <FileRef uid="3" />
              <SequencePoints>
                <SequencePoint vc="0" uspid="96" ordinal="0" offset="0" sl="179" sc="0" el="179" ec="0" bec="0" bev="0" fileid="3" />
              </SequencePoints>
              <BranchPoints />
            </Method>
            <Method visited="true" cyclomaticComplexity="1" nPathComplexity="0" sequenceCoverage="100.0" branchCoverage="0" crapScore="1" isConstructor="false" isStatic="false" isGetter="true" isSetter="false">
              <Summary numSequencePoints="1" visitedSequencePoints="1" numBranchPoints="0" visitedBranchPoints="0" sequenceCoverage="100.0" branchCoverage="0" maxCyclomaticComplexity="1" minCyclomaticComplexity="1" maxCrapScore="1" minCrapScore="1" visitedClasses="0" numClasses="0" visitedMethods="1" numMethods="1" />
              <MetadataToken>100663309</MetadataToken>
              <Name>System.String MoneyFormat::get_FormattedNumber()</Name>
              <FileRef uid="3" />
              <SequencePoints>
                <SequencePoint vc="9" uspid="97" ordinal="0" offset="0" sl="180" sc="37" el="180" ec="37" bec="0" bev="0" fileid="3" />
              </SequencePoints>
              <BranchPoints />
            </Method>
            <Method visited="true" cyclomaticComplexity="1" nPathComplexity="0" sequenceCoverage="100.0" branchCoverage="0" crapScore="1" isConstructor="false" isStatic="false" isGetter="true" isSetter="false">
              <Summary numSequencePoints="1" visitedSequencePoints="1" numBranchPoints="0" visitedBranchPoints="0" sequenceCoverage="100.0" branchCoverage="0" maxCyclomaticComplexity="1" minCyclomaticComplexity="1" maxCrapScore="1" minCrapScore="1" visitedClasses="0" numClasses="0" visitedMethods="1" numMethods="1" />
              <MetadataToken>100663310</MetadataToken>
              <Name>System.String MoneyFormat::get_Scale()</Name>
              <FileRef uid="3" />
              <SequencePoints>
                <SequencePoint vc="9" uspid="98" ordinal="0" offset="0" sl="181" sc="27" el="181" ec="27" bec="0" bev="0" fileid="3" />
              </SequencePoints>
              <BranchPoints />
            </Method>
            <Method visited="true" cyclomaticComplexity="1" nPathComplexity="0" sequenceCoverage="100.0" branchCoverage="0" crapScore="1" isConstructor="true" isStatic="false" isGetter="false" isSetter="false">
              <Summary numSequencePoints="6" visitedSequencePoints="6" numBranchPoints="0" visitedBranchPoints="0" sequenceCoverage="100.0" branchCoverage="0" maxCyclomaticComplexity="1" minCyclomaticComplexity="1" maxCrapScore="1" minCrapScore="1" visitedClasses="0" numClasses="0" visitedMethods="1" numMethods="1" />
              <MetadataToken>100663311</MetadataToken>
              <Name>MoneyFormat::MoneyFormat(System.Double, System.String, System.String)</Name>
              <FileRef uid="3" />
              <SequencePoints>
                <SequencePoint vc="9" uspid="99" ordinal="0" offset="0" sl="183" sc="5" el="183" ec="5" bec="0" bev="0" fileid="3" />
                <SequencePoint vc="9" uspid="100" ordinal="0" offset="7" sl="184" sc="5" el="184" ec="5" bec="0" bev="0" fileid="3" />
                <SequencePoint vc="9" uspid="101" ordinal="0" offset="8" sl="185" sc="9" el="185" ec="9" bec="0" bev="0" fileid="3" />
                <SequencePoint vc="9" uspid="102" ordinal="0" offset="15" sl="186" sc="9" el="186" ec="9" bec="0" bev="0" fileid="3" />
                <SequencePoint vc="9" uspid="103" ordinal="0" offset="22" sl="187" sc="9" el="187" ec="9" bec="0" bev="0" fileid="3" />
                <SequencePoint vc="9" uspid="104" ordinal="0" offset="29" sl="188" sc="5" el="188" ec="5" bec="0" bev="0" fileid="3" />
              </SequencePoints>
              <BranchPoints />
            </Method>
          </Methods>
        </Class>
        <Class>
          <Summary numSequencePoints="40" visitedSequencePoints="40" numBranchPoints="0" visitedBranchPoints="0" sequenceCoverage="100.0" branchCoverage="0.0" maxCyclomaticComplexity="15" minCyclomaticComplexity="6" maxCrapScore="15" minCrapScore="6" visitedClasses="1" numClasses="1" visitedMethods="2" numMethods="2" />
          <FullName>TimeSpanExtension</FullName>
          <Methods>
            <Method visited="true" cyclomaticComplexity="15" nPathComplexity="0" sequenceCoverage="100.0" branchCoverage="0" crapScore="15" isConstructor="false" isStatic="true" isGetter="false" isSetter="false">
              <Summary numSequencePoints="12" visitedSequencePoints="12" numBranchPoints="0" visitedBranchPoints="0" sequenceCoverage="100.0" branchCoverage="0" maxCyclomaticComplexity="15" minCyclomaticComplexity="15" maxCrapScore="15" minCrapScore="15" visitedClasses="0" numClasses="0" visitedMethods="1" numMethods="1" />
              <MetadataToken>100663312</MetadataToken>
              <Name>static System.String TimeSpanExtension::ToNumberFormatString(System.TimeSpan)</Name>
              <FileRef uid="4" />
              <SequencePoints>
                <SequencePoint vc="20" uspid="105" ordinal="0" offset="0" sl="7" sc="5" el="7" ec="5" bec="0" bev="0" fileid="4" />
                <SequencePoint vc="20" uspid="106" ordinal="0" offset="1" sl="8" sc="9" el="8" ec="9" bec="0" bev="0" fileid="4" />
                <SequencePoint vc="2" uspid="107" ordinal="0" offset="36" sl="9" sc="9" el="9" ec="9" bec="0" bev="0" fileid="4" />
                <SequencePoint vc="2" uspid="108" ordinal="0" offset="37" sl="10" sc="13" el="10" ec="13" bec="0" bev="0" fileid="4" />
                <SequencePoint vc="18" uspid="109" ordinal="0" offset="73" sl="13" sc="9" el="13" ec="9" bec="0" bev="0" fileid="4" />
                <SequencePoint vc="4" uspid="110" ordinal="0" offset="99" sl="14" sc="9" el="14" ec="9" bec="0" bev="0" fileid="4" />
                <SequencePoint vc="4" uspid="111" ordinal="0" offset="100" sl="15" sc="13" el="15" ec="13" bec="0" bev="0" fileid="4" />
                <SequencePoint vc="14" uspid="112" ordinal="0" offset="133" sl="18" sc="9" el="18" ec="9" bec="0" bev="0" fileid="4" />
                <SequencePoint vc="6" uspid="113" ordinal="0" offset="147" sl="19" sc="9" el="19" ec="9" bec="0" bev="0" fileid="4" />
                <SequencePoint vc="6" uspid="114" ordinal="0" offset="148" sl="20" sc="13" el="20" ec="13" bec="0" bev="0" fileid="4" />
                <SequencePoint vc="8" uspid="115" ordinal="0" offset="181" sl="23" sc="9" el="23" ec="9" bec="0" bev="0" fileid="4" />
                <SequencePoint vc="20" uspid="116" ordinal="0" offset="214" sl="24" sc="5" el="24" ec="5" bec="0" bev="0" fileid="4" />
              </SequencePoints>
              <BranchPoints />
            </Method>
            <Method visited="true" cyclomaticComplexity="6" nPathComplexity="0" sequenceCoverage="100.0" branchCoverage="0" crapScore="6" isConstructor="false" isStatic="true" isGetter="false" isSetter="false">
              <Summary numSequencePoints="28" visitedSequencePoints="28" numBranchPoints="0" visitedBranchPoints="0" sequenceCoverage="100.0" branchCoverage="0" maxCyclomaticComplexity="6" minCyclomaticComplexity="6" maxCrapScore="6" minCrapScore="6" visitedClasses="0" numClasses="0" visitedMethods="1" numMethods="1" />
              <MetadataToken>100663313</MetadataToken>
              <Name>static System.String TimeSpanExtension::ToSymbolFormatString(System.TimeSpan)</Name>
              <FileRef uid="4" />
              <SequencePoints>
                <SequencePoint vc="20" uspid="117" ordinal="0" offset="0" sl="27" sc="5" el="27" ec="5" bec="0" bev="0" fileid="4" />
                <SequencePoint vc="20" uspid="118" ordinal="0" offset="1" sl="28" sc="9" el="28" ec="9" bec="0" bev="0" fileid="4" />
                <SequencePoint vc="20" uspid="119" ordinal="0" offset="24" sl="29" sc="9" el="29" ec="9" bec="0" bev="0" fileid="4" />
                <SequencePoint vc="20" uspid="120" ordinal="0" offset="47" sl="30" sc="9" el="30" ec="9" bec="0" bev="0" fileid="4" />
                <SequencePoint vc="20" uspid="121" ordinal="0" offset="70" sl="31" sc="9" el="31" ec="9" bec="0" bev="0" fileid="4" />
                <SequencePoint vc="20" uspid="122" ordinal="0" offset="93" sl="33" sc="9" el="33" ec="9" bec="0" bev="0" fileid="4" />
                <SequencePoint vc="20" uspid="123" ordinal="0" offset="100" sl="35" sc="9" el="35" ec="9" bec="0" bev="0" fileid="4" />
                <SequencePoint vc="8" uspid="124" ordinal="0" offset="116" sl="36" sc="9" el="36" ec="9" bec="0" bev="0" fileid="4" />
                <SequencePoint vc="8" uspid="125" ordinal="0" offset="117" sl="37" sc="13" el="37" ec="13" bec="0" bev="0" fileid="4" />
                <SequencePoint vc="8" uspid="126" ordinal="0" offset="126" sl="38" sc="9" el="38" ec="9" bec="0" bev="0" fileid="4" />
                <SequencePoint vc="20" uspid="127" ordinal="0" offset="127" sl="40" sc="9" el="40" ec="9" bec="0" bev="0" fileid="4" />
                <SequencePoint vc="12" uspid="128" ordinal="0" offset="143" sl="41" sc="9" el="41" ec="9" bec="0" bev="0" fileid="4" />
                <SequencePoint vc="12" uspid="129" ordinal="0" offset="144" sl="42" sc="13" el="42" ec="13" bec="0" bev="0" fileid="4" />
                <SequencePoint vc="12" uspid="130" ordinal="0" offset="153" sl="43" sc="9" el="43" ec="9" bec="0" bev="0" fileid="4" />
                <SequencePoint vc="20" uspid="131" ordinal="0" offset="154" sl="45" sc="9" el="45" ec="9" bec="0" bev="0" fileid="4" />
                <SequencePoint vc="12" uspid="132" ordinal="0" offset="170" sl="46" sc="9" el="46" ec="9" bec="0" bev="0" fileid="4" />
                <SequencePoint vc="12" uspid="133" ordinal="0" offset="171" sl="47" sc="13" el="47" ec="13" bec="0" bev="0" fileid="4" />
                <SequencePoint vc="12" uspid="134" ordinal="0" offset="180" sl="48" sc="9" el="48" ec="9" bec="0" bev="0" fileid="4" />
                <SequencePoint vc="20" uspid="135" ordinal="0" offset="181" sl="50" sc="9" el="50" ec="9" bec="0" bev="0" fileid="4" />
                <SequencePoint vc="8" uspid="136" ordinal="0" offset="197" sl="51" sc="9" el="51" ec="9" bec="0" bev="0" fileid="4" />
                <SequencePoint vc="8" uspid="137" ordinal="0" offset="198" sl="52" sc="13" el="52" ec="13" bec="0" bev="0" fileid="4" />
                <SequencePoint vc="8" uspid="138" ordinal="0" offset="207" sl="53" sc="9" el="53" ec="9" bec="0" bev="0" fileid="4" />
                <SequencePoint vc="20" uspid="139" ordinal="0" offset="208" sl="55" sc="9" el="55" ec="9" bec="0" bev="0" fileid="4" />
                <SequencePoint vc="12" uspid="140" ordinal="0" offset="237" sl="56" sc="9" el="56" ec="9" bec="0" bev="0" fileid="4" />
                <SequencePoint vc="12" uspid="141" ordinal="0" offset="238" sl="57" sc="13" el="57" ec="13" bec="0" bev="0" fileid="4" />
                <SequencePoint vc="12" uspid="142" ordinal="0" offset="256" sl="58" sc="9" el="58" ec="9" bec="0" bev="0" fileid="4" />
                <SequencePoint vc="20" uspid="143" ordinal="0" offset="257" sl="60" sc="9" el="60" ec="9" bec="0" bev="0" fileid="4" />
                <SequencePoint vc="20" uspid="144" ordinal="0" offset="268" sl="61" sc="5" el="61" ec="5" bec="0" bev="0" fileid="4" />
              </SequencePoints>
              <BranchPoints />
            </Method>
          </Methods>
        </Class>
        <Class>
          <Summary numSequencePoints="13" visitedSequencePoints="13" numBranchPoints="0" visitedBranchPoints="0" sequenceCoverage="100.0" branchCoverage="0.0" maxCyclomaticComplexity="1" minCyclomaticComplexity="1" maxCrapScore="1" minCrapScore="1" visitedClasses="1" numClasses="1" visitedMethods="3" numMethods="3" />
          <FullName>TimeModel</FullName>
          <Methods>
            <Method visited="true" cyclomaticComplexity="1" nPathComplexity="0" sequenceCoverage="100.0" branchCoverage="0" crapScore="1" isConstructor="false" isStatic="false" isGetter="true" isSetter="false">
              <Summary numSequencePoints="3" visitedSequencePoints="3" numBranchPoints="0" visitedBranchPoints="0" sequenceCoverage="100.0" branchCoverage="0" maxCyclomaticComplexity="1" minCyclomaticComplexity="1" maxCrapScore="1" minCrapScore="1" visitedClasses="0" numClasses="0" visitedMethods="1" numMethods="1" />
              <MetadataToken>100663328</MetadataToken>
              <Name>System.Double TimeModel::get_TotalSeconds()</Name>
              <FileRef uid="5" />
              <SequencePoints>
                <SequencePoint vc="1" uspid="145" ordinal="0" offset="0" sl="11" sc="38" el="11" ec="38" bec="0" bev="0" fileid="5" />
                <SequencePoint vc="1" uspid="146" ordinal="0" offset="1" sl="11" sc="40" el="11" ec="40" bec="0" bev="0" fileid="5" />
                <SequencePoint vc="1" uspid="147" ordinal="0" offset="18" sl="11" sc="74" el="11" ec="74" bec="0" bev="0" fileid="5" />
              </SequencePoints>
              <BranchPoints />
            </Method>
            <Method visited="true" cyclomaticComplexity="1" nPathComplexity="0" sequenceCoverage="100.0" branchCoverage="0" crapScore="1" isConstructor="false" isStatic="false" isGetter="false" isSetter="false">
              <Summary numSequencePoints="3" visitedSequencePoints="3" numBranchPoints="0" visitedBranchPoints="0" sequenceCoverage="100.0" branchCoverage="0" maxCyclomaticComplexity="1" minCyclomaticComplexity="1" maxCrapScore="1" minCrapScore="1" visitedClasses="0" numClasses="0" visitedMethods="1" numMethods="1" />
              <MetadataToken>100663330</MetadataToken>
              <Name>System.TimeSpan TimeModel::ToTimeSpan()</Name>
              <FileRef uid="5" />
              <SequencePoints>
                <SequencePoint vc="38" uspid="148" ordinal="0" offset="0" sl="22" sc="5" el="22" ec="5" bec="0" bev="0" fileid="5" />
                <SequencePoint vc="38" uspid="149" ordinal="0" offset="1" sl="23" sc="9" el="23" ec="9" bec="0" bev="0" fileid="5" />
                <SequencePoint vc="38" uspid="150" ordinal="0" offset="33" sl="24" sc="5" el="24" ec="5" bec="0" bev="0" fileid="5" />
              </SequencePoints>
              <BranchPoints />
            </Method>
            <Method visited="true" cyclomaticComplexity="1" nPathComplexity="0" sequenceCoverage="100.0" branchCoverage="0" crapScore="1" isConstructor="true" isStatic="false" isGetter="false" isSetter="false">
              <Summary numSequencePoints="7" visitedSequencePoints="7" numBranchPoints="0" visitedBranchPoints="0" sequenceCoverage="100.0" branchCoverage="0" maxCyclomaticComplexity="1" minCyclomaticComplexity="1" maxCrapScore="1" minCrapScore="1" visitedClasses="0" numClasses="0" visitedMethods="1" numMethods="1" />
              <MetadataToken>100663329</MetadataToken>
              <Name>TimeModel::TimeModel(System.Int32, System.Int32, System.Int32, System.Int32)</Name>
              <FileRef uid="5" />
              <SequencePoints>
                <SequencePoint vc="21" uspid="151" ordinal="0" offset="0" sl="13" sc="5" el="13" ec="5" bec="0" bev="0" fileid="5" />
                <SequencePoint vc="21" uspid="152" ordinal="0" offset="7" sl="14" sc="5" el="14" ec="5" bec="0" bev="0" fileid="5" />
                <SequencePoint vc="21" uspid="153" ordinal="0" offset="8" sl="15" sc="9" el="15" ec="9" bec="0" bev="0" fileid="5" />
                <SequencePoint vc="21" uspid="154" ordinal="0" offset="15" sl="16" sc="9" el="16" ec="9" bec="0" bev="0" fileid="5" />
                <SequencePoint vc="21" uspid="155" ordinal="0" offset="22" sl="17" sc="9" el="17" ec="9" bec="0" bev="0" fileid="5" />
                <SequencePoint vc="21" uspid="156" ordinal="0" offset="29" sl="18" sc="9" el="18" ec="9" bec="0" bev="0" fileid="5" />
                <SequencePoint vc="21" uspid="157" ordinal="0" offset="37" sl="19" sc="5" el="19" ec="5" bec="0" bev="0" fileid="5" />
              </SequencePoints>
              <BranchPoints />
            </Method>
          </Methods>
        </Class>
        <Class>
          <Summary numSequencePoints="19" visitedSequencePoints="0" numBranchPoints="0" visitedBranchPoints="0" sequenceCoverage="0.0" branchCoverage="0.0" maxCyclomaticComplexity="2" minCyclomaticComplexity="1" maxCrapScore="6" minCrapScore="2" visitedClasses="0" numClasses="1" visitedMethods="0" numMethods="4" />
          <FullName>ShopTown.ModelComponent.GameBoardModel</FullName>
          <Methods>
            <Method visited="false" cyclomaticComplexity="1" nPathComplexity="0" sequenceCoverage="0.0" branchCoverage="0" crapScore="2" isConstructor="false" isStatic="false" isGetter="false" isSetter="false">
              <Summary numSequencePoints="6" visitedSequencePoints="0" numBranchPoints="0" visitedBranchPoints="0" sequenceCoverage="0.0" branchCoverage="0" maxCyclomaticComplexity="1" minCyclomaticComplexity="1" maxCrapScore="2" minCrapScore="2" visitedClasses="0" numClasses="0" visitedMethods="0" numMethods="1" />
              <MetadataToken>100663331</MetadataToken>
              <Name>System.Single ShopTown.ModelComponent.GameBoardModel::CalculateCellSize()</Name>
              <FileRef uid="6" />
              <SequencePoints>
                <SequencePoint vc="0" uspid="158" ordinal="0" offset="0" sl="16" sc="0" el="16" ec="0" bec="0" bev="0" fileid="6" />
                <SequencePoint vc="0" uspid="159" ordinal="0" offset="1" sl="17" sc="0" el="17" ec="0" bec="0" bev="0" fileid="6" />
                <SequencePoint vc="0" uspid="160" ordinal="0" offset="20" sl="18" sc="0" el="18" ec="0" bec="0" bev="0" fileid="6" />
                <SequencePoint vc="0" uspid="161" ordinal="0" offset="36" sl="19" sc="0" el="19" ec="0" bec="0" bev="0" fileid="6" />
                <SequencePoint vc="0" uspid="162" ordinal="0" offset="51" sl="20" sc="0" el="20" ec="0" bec="0" bev="0" fileid="6" />
                <SequencePoint vc="0" uspid="163" ordinal="0" offset="60" sl="21" sc="0" el="21" ec="0" bec="0" bev="0" fileid="6" />
              </SequencePoints>
              <BranchPoints />
            </Method>
            <Method visited="false" cyclomaticComplexity="2" nPathComplexity="0" sequenceCoverage="0.0" branchCoverage="0" crapScore="6" isConstructor="false" isStatic="false" isGetter="false" isSetter="false">
              <Summary numSequencePoints="6" visitedSequencePoints="0" numBranchPoints="0" visitedBranchPoints="0" sequenceCoverage="0.0" branchCoverage="0" maxCyclomaticComplexity="2" minCyclomaticComplexity="2" maxCrapScore="6" minCrapScore="6" visitedClasses="0" numClasses="0" visitedMethods="0" numMethods="1" />
              <MetadataToken>100663332</MetadataToken>
              <Name>System.Void ShopTown.ModelComponent.GameBoardModel::CheckCellSize()</Name>
              <FileRef uid="6" />
              <SequencePoints>
                <SequencePoint vc="0" uspid="164" ordinal="0" offset="0" sl="24" sc="0" el="24" ec="0" bec="0" bev="0" fileid="6" />
                <SequencePoint vc="0" uspid="165" ordinal="0" offset="1" sl="25" sc="0" el="25" ec="0" bec="0" bev="0" fileid="6" />
                <SequencePoint vc="0" uspid="166" ordinal="0" offset="18" sl="26" sc="0" el="26" ec="0" bec="0" bev="0" fileid="6" />
                <SequencePoint vc="0" uspid="167" ordinal="0" offset="19" sl="27" sc="0" el="27" ec="0" bec="0" bev="0" fileid="6" />
                <SequencePoint vc="0" uspid="168" ordinal="0" offset="26" sl="28" sc="0" el="28" ec="0" bec="0" bev="0" fileid="6" />
                <SequencePoint vc="0" uspid="169" ordinal="0" offset="27" sl="29" sc="0" el="29" ec="0" bec="0" bev="0" fileid="6" />
              </SequencePoints>
              <BranchPoints />
            </Method>
            <Method visited="false" cyclomaticComplexity="1" nPathComplexity="0" sequenceCoverage="0.0" branchCoverage="0" crapScore="2" isConstructor="false" isStatic="false" isGetter="false" isSetter="false">
              <Summary numSequencePoints="6" visitedSequencePoints="0" numBranchPoints="0" visitedBranchPoints="0" sequenceCoverage="0.0" branchCoverage="0" maxCyclomaticComplexity="1" minCyclomaticComplexity="1" maxCrapScore="2" minCrapScore="2" visitedClasses="0" numClasses="0" visitedMethods="0" numMethods="1" />
              <MetadataToken>100663333</MetadataToken>
              <Name>System.Single[] ShopTown.ModelComponent.GameBoardModel::CalculateCellPosition(System.Single, System.Single)</Name>
              <FileRef uid="6" />
              <SequencePoints>
                <SequencePoint vc="0" uspid="170" ordinal="0" offset="0" sl="32" sc="0" el="32" ec="0" bec="0" bev="0" fileid="6" />
                <SequencePoint vc="0" uspid="171" ordinal="0" offset="1" sl="33" sc="0" el="33" ec="0" bec="0" bev="0" fileid="6" />
                <SequencePoint vc="0" uspid="172" ordinal="0" offset="8" sl="34" sc="0" el="34" ec="0" bec="0" bev="0" fileid="6" />
                <SequencePoint vc="0" uspid="173" ordinal="0" offset="37" sl="35" sc="0" el="35" ec="0" bec="0" bev="0" fileid="6" />
                <SequencePoint vc="0" uspid="174" ordinal="0" offset="52" sl="36" sc="0" el="36" ec="0" bec="0" bev="0" fileid="6" />
                <SequencePoint vc="0" uspid="175" ordinal="0" offset="69" sl="37" sc="0" el="37" ec="0" bec="0" bev="0" fileid="6" />
              </SequencePoints>
              <BranchPoints />
            </Method>
            <Method visited="false" cyclomaticComplexity="1" nPathComplexity="0" sequenceCoverage="0.0" branchCoverage="0" crapScore="2" isConstructor="true" isStatic="false" isGetter="false" isSetter="false">
              <Summary numSequencePoints="1" visitedSequencePoints="0" numBranchPoints="0" visitedBranchPoints="0" sequenceCoverage="0.0" branchCoverage="0" maxCyclomaticComplexity="1" minCyclomaticComplexity="1" maxCrapScore="2" minCrapScore="2" visitedClasses="0" numClasses="0" visitedMethods="0" numMethods="1" />
              <MetadataToken>100663334</MetadataToken>
              <Name>ShopTown.ModelComponent.GameBoardModel::GameBoardModel()</Name>
              <FileRef uid="6" />
              <SequencePoints>
                <SequencePoint vc="0" uspid="176" ordinal="0" offset="0" sl="12" sc="5" el="12" ec="5" bec="0" bev="0" fileid="6" />
              </SequencePoints>
              <BranchPoints />
            </Method>
          </Methods>
        </Class>
        <Class>
          <Summary numSequencePoints="28" visitedSequencePoints="0" numBranchPoints="0" visitedBranchPoints="0" sequenceCoverage="0.0" branchCoverage="0.0" maxCyclomaticComplexity="2" minCyclomaticComplexity="1" maxCrapScore="6" minCrapScore="2" visitedClasses="0" numClasses="1" visitedMethods="0" numMethods="5" />
          <FullName>ShopTown.ModelComponent.SplashBoardModel</FullName>
          <Methods>
            <Method visited="false" cyclomaticComplexity="1" nPathComplexity="0" sequenceCoverage="0.0" branchCoverage="0" crapScore="2" isConstructor="false" isStatic="false" isGetter="false" isSetter="false">
              <Summary numSequencePoints="4" visitedSequencePoints="0" numBranchPoints="0" visitedBranchPoints="0" sequenceCoverage="0.0" branchCoverage="0" maxCyclomaticComplexity="1" minCyclomaticComplexity="1" maxCrapScore="2" minCrapScore="2" visitedClasses="0" numClasses="0" visitedMethods="0" numMethods="1" />
              <MetadataToken>100663336</MetadataToken>
              <Name>System.Single ShopTown.ModelComponent.SplashBoardModel::CalculateCellSize()</Name>
              <FileRef uid="7" />
              <SequencePoints>
                <SequencePoint vc="0" uspid="177" ordinal="0" offset="0" sl="20" sc="0" el="20" ec="0" bec="0" bev="0" fileid="7" />
                <SequencePoint vc="0" uspid="178" ordinal="0" offset="1" sl="21" sc="0" el="21" ec="0" bec="0" bev="0" fileid="7" />
                <SequencePoint vc="0" uspid="179" ordinal="0" offset="27" sl="22" sc="0" el="22" ec="0" bec="0" bev="0" fileid="7" />
                <SequencePoint vc="0" uspid="180" ordinal="0" offset="36" sl="23" sc="0" el="23" ec="0" bec="0" bev="0" fileid="7" />
              </SequencePoints>
              <BranchPoints />
            </Method>
            <Method visited="false" cyclomaticComplexity="2" nPathComplexity="0" sequenceCoverage="0.0" branchCoverage="0" crapScore="6" isConstructor="false" isStatic="false" isGetter="false" isSetter="false">
              <Summary numSequencePoints="6" visitedSequencePoints="0" numBranchPoints="0" visitedBranchPoints="0" sequenceCoverage="0.0" branchCoverage="0" maxCyclomaticComplexity="2" minCyclomaticComplexity="2" maxCrapScore="6" minCrapScore="6" visitedClasses="0" numClasses="0" visitedMethods="0" numMethods="1" />
              <MetadataToken>100663337</MetadataToken>
              <Name>System.Void ShopTown.ModelComponent.SplashBoardModel::CheckCellSize()</Name>
              <FileRef uid="7" />
              <SequencePoints>
                <SequencePoint vc="0" uspid="181" ordinal="0" offset="0" sl="26" sc="0" el="26" ec="0" bec="0" bev="0" fileid="7" />
                <SequencePoint vc="0" uspid="182" ordinal="0" offset="1" sl="27" sc="0" el="27" ec="0" bec="0" bev="0" fileid="7" />
                <SequencePoint vc="0" uspid="183" ordinal="0" offset="18" sl="28" sc="0" el="28" ec="0" bec="0" bev="0" fileid="7" />
                <SequencePoint vc="0" uspid="184" ordinal="0" offset="19" sl="29" sc="0" el="29" ec="0" bec="0" bev="0" fileid="7" />
                <SequencePoint vc="0" uspid="185" ordinal="0" offset="26" sl="30" sc="0" el="30" ec="0" bec="0" bev="0" fileid="7" />
                <SequencePoint vc="0" uspid="186" ordinal="0" offset="27" sl="31" sc="0" el="31" ec="0" bec="0" bev="0" fileid="7" />
              </SequencePoints>
              <BranchPoints />
            </Method>
            <Method visited="false" cyclomaticComplexity="1" nPathComplexity="0" sequenceCoverage="0.0" branchCoverage="0" crapScore="2" isConstructor="false" isStatic="false" isGetter="false" isSetter="false">
              <Summary numSequencePoints="6" visitedSequencePoints="0" numBranchPoints="0" visitedBranchPoints="0" sequenceCoverage="0.0" branchCoverage="0" maxCyclomaticComplexity="1" minCyclomaticComplexity="1" maxCrapScore="2" minCrapScore="2" visitedClasses="0" numClasses="0" visitedMethods="0" numMethods="1" />
              <MetadataToken>100663338</MetadataToken>
              <Name>UnityEngine.Vector2 ShopTown.ModelComponent.SplashBoardModel::CalculateStartPosition(System.Single, System.Single)</Name>
              <FileRef uid="7" />
              <SequencePoints>
                <SequencePoint vc="0" uspid="187" ordinal="0" offset="0" sl="34" sc="0" el="34" ec="0" bec="0" bev="0" fileid="7" />
                <SequencePoint vc="0" uspid="188" ordinal="0" offset="1" sl="35" sc="0" el="35" ec="0" bec="0" bev="0" fileid="7" />
                <SequencePoint vc="0" uspid="189" ordinal="0" offset="8" sl="36" sc="0" el="36" ec="0" bec="0" bev="0" fileid="7" />
                <SequencePoint vc="0" uspid="190" ordinal="0" offset="29" sl="37" sc="0" el="37" ec="0" bec="0" bev="0" fileid="7" />
                <SequencePoint vc="0" uspid="191" ordinal="0" offset="51" sl="38" sc="0" el="38" ec="0" bec="0" bev="0" fileid="7" />
                <SequencePoint vc="0" uspid="192" ordinal="0" offset="61" sl="39" sc="0" el="39" ec="0" bec="0" bev="0" fileid="7" />
              </SequencePoints>
              <BranchPoints />
            </Method>
            <Method visited="false" cyclomaticComplexity="1" nPathComplexity="0" sequenceCoverage="0.0" branchCoverage="0" crapScore="2" isConstructor="false" isStatic="false" isGetter="false" isSetter="false">
              <Summary numSequencePoints="6" visitedSequencePoints="0" numBranchPoints="0" visitedBranchPoints="0" sequenceCoverage="0.0" branchCoverage="0" maxCyclomaticComplexity="1" minCyclomaticComplexity="1" maxCrapScore="2" minCrapScore="2" visitedClasses="0" numClasses="0" visitedMethods="0" numMethods="1" />
              <MetadataToken>100663339</MetadataToken>
              <Name>UnityEngine.Vector2 ShopTown.ModelComponent.SplashBoardModel::CalculateTargetPosition(System.Single, System.Single)</Name>
              <FileRef uid="7" />
              <SequencePoints>
                <SequencePoint vc="0" uspid="193" ordinal="0" offset="0" sl="42" sc="0" el="42" ec="0" bec="0" bev="0" fileid="7" />
                <SequencePoint vc="0" uspid="194" ordinal="0" offset="1" sl="43" sc="0" el="43" ec="0" bec="0" bev="0" fileid="7" />
                <SequencePoint vc="0" uspid="195" ordinal="0" offset="8" sl="44" sc="0" el="44" ec="0" bec="0" bev="0" fileid="7" />
                <SequencePoint vc="0" uspid="196" ordinal="0" offset="45" sl="45" sc="0" el="45" ec="0" bec="0" bev="0" fileid="7" />
                <SequencePoint vc="0" uspid="197" ordinal="0" offset="75" sl="46" sc="0" el="46" ec="0" bec="0" bev="0" fileid="7" />
                <SequencePoint vc="0" uspid="198" ordinal="0" offset="85" sl="47" sc="0" el="47" ec="0" bec="0" bev="0" fileid="7" />
              </SequencePoints>
              <BranchPoints />
            </Method>
            <Method visited="false" cyclomaticComplexity="1" nPathComplexity="0" sequenceCoverage="0.0" branchCoverage="0" crapScore="2" isConstructor="true" isStatic="false" isGetter="false" isSetter="false">
              <Summary numSequencePoints="6" visitedSequencePoints="0" numBranchPoints="0" visitedBranchPoints="0" sequenceCoverage="0.0" branchCoverage="0" maxCyclomaticComplexity="1" minCyclomaticComplexity="1" maxCrapScore="2" minCrapScore="2" visitedClasses="0" numClasses="0" visitedMethods="0" numMethods="1" />
              <MetadataToken>100663335</MetadataToken>
              <Name>ShopTown.ModelComponent.SplashBoardModel::SplashBoardModel(System.Int32, System.Int32)</Name>
              <FileRef uid="7" />
              <SequencePoints>
                <SequencePoint vc="0" uspid="199" ordinal="0" offset="0" sl="9" sc="0" el="9" ec="0" bec="0" bev="0" fileid="7" />
                <SequencePoint vc="0" uspid="200" ordinal="0" offset="11" sl="13" sc="0" el="13" ec="0" bec="0" bev="0" fileid="7" />
                <SequencePoint vc="0" uspid="201" ordinal="0" offset="18" sl="14" sc="0" el="14" ec="0" bec="0" bev="0" fileid="7" />
                <SequencePoint vc="0" uspid="202" ordinal="0" offset="19" sl="15" sc="0" el="15" ec="0" bec="0" bev="0" fileid="7" />
                <SequencePoint vc="0" uspid="203" ordinal="0" offset="26" sl="16" sc="0" el="16" ec="0" bec="0" bev="0" fileid="7" />
                <SequencePoint vc="0" uspid="204" ordinal="0" offset="33" sl="17" sc="0" el="17" ec="0" bec="0" bev="0" fileid="7" />
              </SequencePoints>
              <BranchPoints />
            </Method>
          </Methods>
        </Class>
        <Class>
          <Summary numSequencePoints="50" visitedSequencePoints="0" numBranchPoints="0" visitedBranchPoints="0" sequenceCoverage="0.0" branchCoverage="0.0" maxCyclomaticComplexity="4" minCyclomaticComplexity="1" maxCrapScore="20" minCrapScore="2" visitedClasses="0" numClasses="1" visitedMethods="0" numMethods="7" />
          <FullName>ShopTown.ModelComponent.GameDataModel</FullName>
          <Methods>
            <Method visited="false" cyclomaticComplexity="1" nPathComplexity="0" sequenceCoverage="0.0" branchCoverage="0" crapScore="2" isConstructor="false" isStatic="false" isGetter="false" isSetter="false">
              <Summary numSequencePoints="11" visitedSequencePoints="0" numBranchPoints="0" visitedBranchPoints="0" sequenceCoverage="0.0" branchCoverage="0" maxCyclomaticComplexity="1" minCyclomaticComplexity="1" maxCrapScore="2" minCrapScore="2" visitedClasses="0" numClasses="0" visitedMethods="0" numMethods="1" />
              <MetadataToken>100663340</MetadataToken>
              <Name>System.Void ShopTown.ModelComponent.GameDataModel::SetDefaultData(ShopTown.ModelComponent.GameDataModel)</Name>
              <FileRef uid="8" />
              <SequencePoints>
                <SequencePoint vc="0" uspid="205" ordinal="0" offset="0" sl="25" sc="0" el="25" ec="0" bec="0" bev="0" fileid="8" />
                <SequencePoint vc="0" uspid="206" ordinal="0" offset="1" sl="26" sc="0" el="26" ec="0" bec="0" bev="0" fileid="8" />
                <SequencePoint vc="0" uspid="207" ordinal="0" offset="34" sl="27" sc="0" el="27" ec="0" bec="0" bev="0" fileid="8" />
                <SequencePoint vc="0" uspid="208" ordinal="0" offset="67" sl="28" sc="0" el="28" ec="0" bec="0" bev="0" fileid="8" />
                <SequencePoint vc="0" uspid="209" ordinal="0" offset="79" sl="29" sc="0" el="29" ec="0" bec="0" bev="0" fileid="8" />
                <SequencePoint vc="0" uspid="210" ordinal="0" offset="91" sl="30" sc="0" el="30" ec="0" bec="0" bev="0" fileid="8" />
                <SequencePoint vc="0" uspid="211" ordinal="0" offset="103" sl="31" sc="0" el="31" ec="0" bec="0" bev="0" fileid="8" />
                <SequencePoint vc="0" uspid="212" ordinal="0" offset="115" sl="32" sc="0" el="32" ec="0" bec="0" bev="0" fileid="8" />
                <SequencePoint vc="0" uspid="213" ordinal="0" offset="127" sl="34" sc="0" el="34" ec="0" bec="0" bev="0" fileid="8" />
                <SequencePoint vc="0" uspid="214" ordinal="0" offset="138" sl="35" sc="0" el="35" ec="0" bec="0" bev="0" fileid="8" />
                <SequencePoint vc="0" uspid="215" ordinal="0" offset="156" sl="36" sc="0" el="36" ec="0" bec="0" bev="0" fileid="8" />
              </SequencePoints>
              <BranchPoints />
            </Method>
            <Method visited="false" cyclomaticComplexity="2" nPathComplexity="0" sequenceCoverage="0.0" branchCoverage="0" crapScore="6" isConstructor="false" isStatic="false" isGetter="false" isSetter="false">
              <Summary numSequencePoints="7" visitedSequencePoints="0" numBranchPoints="0" visitedBranchPoints="0" sequenceCoverage="0.0" branchCoverage="0" maxCyclomaticComplexity="2" minCyclomaticComplexity="2" maxCrapScore="6" minCrapScore="6" visitedClasses="0" numClasses="0" visitedMethods="0" numMethods="1" />
              <MetadataToken>100663341</MetadataToken>
              <Name>System.Void ShopTown.ModelComponent.GameDataModel::AddToOfflineBalance(ShopTown.ModelComponent.MoneyModel)</Name>
              <FileRef uid="8" />
              <SequencePoints>
                <SequencePoint vc="0" uspid="216" ordinal="0" offset="0" sl="39" sc="0" el="39" ec="0" bec="0" bev="0" fileid="8" />
                <SequencePoint vc="0" uspid="217" ordinal="0" offset="1" sl="40" sc="0" el="40" ec="0" bec="0" bev="0" fileid="8" />
                <SequencePoint vc="0" uspid="218" ordinal="0" offset="14" sl="41" sc="0" el="41" ec="0" bec="0" bev="0" fileid="8" />
                <SequencePoint vc="0" uspid="219" ordinal="0" offset="15" sl="42" sc="0" el="42" ec="0" bec="0" bev="0" fileid="8" />
                <SequencePoint vc="0" uspid="220" ordinal="0" offset="38" sl="43" sc="0" el="43" ec="0" bec="0" bev="0" fileid="8" />
                <SequencePoint vc="0" uspid="221" ordinal="0" offset="40" sl="46" sc="0" el="46" ec="0" bec="0" bev="0" fileid="8" />
                <SequencePoint vc="0" uspid="222" ordinal="0" offset="64" sl="47" sc="0" el="47" ec="0" bec="0" bev="0" fileid="8" />
              </SequencePoints>
              <BranchPoints />
            </Method>
            <Method visited="false" cyclomaticComplexity="4" nPathComplexity="0" sequenceCoverage="0.0" branchCoverage="0" crapScore="20" isConstructor="false" isStatic="false" isGetter="false" isSetter="false">
              <Summary numSequencePoints="9" visitedSequencePoints="0" numBranchPoints="0" visitedBranchPoints="0" sequenceCoverage="0.0" branchCoverage="0" maxCyclomaticComplexity="4" minCyclomaticComplexity="4" maxCrapScore="20" minCrapScore="20" visitedClasses="0" numClasses="0" visitedMethods="0" numMethods="1" />
              <MetadataToken>100663342</MetadataToken>
              <Name>System.Void ShopTown.ModelComponent.GameDataModel::AddToBalance(ShopTown.ModelComponent.MoneyModel)</Name>
              <FileRef uid="8" />
              <SequencePoints>
                <SequencePoint vc="0" uspid="223" ordinal="0" offset="0" sl="50" sc="0" el="50" ec="0" bec="0" bev="0" fileid="8" />
                <SequencePoint vc="0" uspid="224" ordinal="0" offset="1" sl="51" sc="0" el="51" ec="0" bec="0" bev="0" fileid="8" />
                <SequencePoint vc="0" uspid="225" ordinal="0" offset="14" sl="52" sc="0" el="52" ec="0" bec="0" bev="0" fileid="8" />
                <SequencePoint vc="0" uspid="226" ordinal="0" offset="15" sl="53" sc="0" el="53" ec="0" bec="0" bev="0" fileid="8" />
                <SequencePoint vc="0" uspid="227" ordinal="0" offset="39" sl="54" sc="0" el="54" ec="0" bec="0" bev="0" fileid="8" />
                <SequencePoint vc="0" uspid="228" ordinal="0" offset="57" sl="55" sc="0" el="55" ec="0" bec="0" bev="0" fileid="8" />
                <SequencePoint vc="0" uspid="229" ordinal="0" offset="59" sl="58" sc="0" el="58" ec="0" bec="0" bev="0" fileid="8" />
                <SequencePoint vc="0" uspid="230" ordinal="0" offset="83" sl="59" sc="0" el="59" ec="0" bec="0" bev="0" fileid="8" />
                <SequencePoint vc="0" uspid="231" ordinal="0" offset="101" sl="60" sc="0" el="60" ec="0" bec="0" bev="0" fileid="8" />
              </SequencePoints>
              <BranchPoints />
            </Method>
            <Method visited="false" cyclomaticComplexity="2" nPathComplexity="0" sequenceCoverage="0.0" branchCoverage="0" crapScore="6" isConstructor="false" isStatic="false" isGetter="false" isSetter="false">
              <Summary numSequencePoints="7" visitedSequencePoints="0" numBranchPoints="0" visitedBranchPoints="0" sequenceCoverage="0.0" branchCoverage="0" maxCyclomaticComplexity="2" minCyclomaticComplexity="2" maxCrapScore="6" minCrapScore="6" visitedClasses="0" numClasses="0" visitedMethods="0" numMethods="1" />
              <MetadataToken>100663343</MetadataToken>
              <Name>System.Void ShopTown.ModelComponent.GameDataModel::SubtractFromBalance(ShopTown.ModelComponent.MoneyModel)</Name>
              <FileRef uid="8" />
              <SequencePoints>
                <SequencePoint vc="0" uspid="232" ordinal="0" offset="0" sl="63" sc="0" el="63" ec="0" bec="0" bev="0" fileid="8" />
                <SequencePoint vc="0" uspid="233" ordinal="0" offset="1" sl="64" sc="0" el="64" ec="0" bec="0" bev="0" fileid="8" />
                <SequencePoint vc="0" uspid="234" ordinal="0" offset="14" sl="65" sc="0" el="65" ec="0" bec="0" bev="0" fileid="8" />
                <SequencePoint vc="0" uspid="235" ordinal="0" offset="15" sl="66" sc="0" el="66" ec="0" bec="0" bev="0" fileid="8" />
                <SequencePoint vc="0" uspid="236" ordinal="0" offset="39" sl="67" sc="0" el="67" ec="0" bec="0" bev="0" fileid="8" />
                <SequencePoint vc="0" uspid="237" ordinal="0" offset="41" sl="70" sc="0" el="70" ec="0" bec="0" bev="0" fileid="8" />
                <SequencePoint vc="0" uspid="238" ordinal="0" offset="65" sl="71" sc="0" el="71" ec="0" bec="0" bev="0" fileid="8" />
              </SequencePoints>
              <BranchPoints />
            </Method>
            <Method visited="false" cyclomaticComplexity="3" nPathComplexity="0" sequenceCoverage="0.0" branchCoverage="0" crapScore="12" isConstructor="false" isStatic="false" isGetter="false" isSetter="false">
              <Summary numSequencePoints="8" visitedSequencePoints="0" numBranchPoints="0" visitedBranchPoints="0" sequenceCoverage="0.0" branchCoverage="0" maxCyclomaticComplexity="3" minCyclomaticComplexity="3" maxCrapScore="12" minCrapScore="12" visitedClasses="0" numClasses="0" visitedMethods="0" numMethods="1" />
              <MetadataToken>100663344</MetadataToken>
              <Name>System.Boolean ShopTown.ModelComponent.GameDataModel::CanBuy(ShopTown.ModelComponent.MoneyModel)</Name>
              <FileRef uid="8" />
              <SequencePoints>
                <SequencePoint vc="0" uspid="239" ordinal="0" offset="0" sl="74" sc="0" el="74" ec="0" bec="0" bev="0" fileid="8" />
                <SequencePoint vc="0" uspid="240" ordinal="0" offset="1" sl="75" sc="0" el="75" ec="0" bec="0" bev="0" fileid="8" />
                <SequencePoint vc="0" uspid="241" ordinal="0" offset="24" sl="76" sc="0" el="76" ec="0" bec="0" bev="0" fileid="8" />
                <SequencePoint vc="0" uspid="242" ordinal="0" offset="25" sl="77" sc="0" el="77" ec="0" bec="0" bev="0" fileid="8" />
                <SequencePoint vc="0" uspid="243" ordinal="0" offset="29" sl="80" sc="0" el="80" ec="0" bec="0" bev="0" fileid="8" />
                <SequencePoint vc="0" uspid="244" ordinal="0" offset="37" sl="81" sc="0" el="81" ec="0" bec="0" bev="0" fileid="8" />
                <SequencePoint vc="0" uspid="245" ordinal="0" offset="55" sl="82" sc="0" el="82" ec="0" bec="0" bev="0" fileid="8" />
                <SequencePoint vc="0" uspid="246" ordinal="0" offset="59" sl="83" sc="0" el="83" ec="0" bec="0" bev="0" fileid="8" />
              </SequencePoints>
              <BranchPoints />
            </Method>
            <Method visited="false" cyclomaticComplexity="2" nPathComplexity="0" sequenceCoverage="0.0" branchCoverage="0" crapScore="6" isConstructor="false" isStatic="false" isGetter="false" isSetter="false">
              <Summary numSequencePoints="4" visitedSequencePoints="0" numBranchPoints="0" visitedBranchPoints="0" sequenceCoverage="0.0" branchCoverage="0" maxCyclomaticComplexity="2" minCyclomaticComplexity="2" maxCrapScore="6" minCrapScore="6" visitedClasses="0" numClasses="0" visitedMethods="0" numMethods="1" />
              <MetadataToken>100663345</MetadataToken>
              <Name>System.Void ShopTown.ModelComponent.GameDataModel::SetActivationNumber(System.Int32)</Name>
              <FileRef uid="8" />
              <SequencePoints>
                <SequencePoint vc="0" uspid="247" ordinal="0" offset="0" sl="86" sc="0" el="86" ec="0" bec="0" bev="0" fileid="8" />
                <SequencePoint vc="0" uspid="248" ordinal="0" offset="1" sl="87" sc="0" el="87" ec="0" bec="0" bev="0" fileid="8" />
                <SequencePoint vc="0" uspid="249" ordinal="0" offset="8" sl="88" sc="0" el="88" ec="0" bec="0" bev="0" fileid="8" />
                <SequencePoint vc="0" uspid="250" ordinal="0" offset="26" sl="89" sc="0" el="89" ec="0" bec="0" bev="0" fileid="8" />
              </SequencePoints>
              <BranchPoints />
            </Method>
            <Method visited="false" cyclomaticComplexity="2" nPathComplexity="0" sequenceCoverage="0.0" branchCoverage="0" crapScore="6" isConstructor="false" isStatic="false" isGetter="false" isSetter="false">
              <Summary numSequencePoints="4" visitedSequencePoints="0" numBranchPoints="0" visitedBranchPoints="0" sequenceCoverage="0.0" branchCoverage="0" maxCyclomaticComplexity="2" minCyclomaticComplexity="2" maxCrapScore="6" minCrapScore="6" visitedClasses="0" numClasses="0" visitedMethods="0" numMethods="1" />
              <MetadataToken>100663346</MetadataToken>
              <Name>System.Void ShopTown.ModelComponent.GameDataModel::SetMaxOpenedLevel(System.Int32)</Name>
              <FileRef uid="8" />
              <SequencePoints>
                <SequencePoint vc="0" uspid="251" ordinal="0" offset="0" sl="92" sc="0" el="92" ec="0" bec="0" bev="0" fileid="8" />
                <SequencePoint vc="0" uspid="252" ordinal="0" offset="1" sl="93" sc="0" el="93" ec="0" bec="0" bev="0" fileid="8" />
                <SequencePoint vc="0" uspid="253" ordinal="0" offset="8" sl="94" sc="0" el="94" ec="0" bec="0" bev="0" fileid="8" />
                <SequencePoint vc="0" uspid="254" ordinal="0" offset="26" sl="95" sc="0" el="95" ec="0" bec="0" bev="0" fileid="8" />
              </SequencePoints>
              <BranchPoints />
            </Method>
          </Methods>
        </Class>
        <Class>
          <Summary numSequencePoints="8" visitedSequencePoints="8" numBranchPoints="0" visitedBranchPoints="0" sequenceCoverage="100.0" branchCoverage="0.0" maxCyclomaticComplexity="1" minCyclomaticComplexity="1" maxCrapScore="1" minCrapScore="1" visitedClasses="1" numClasses="1" visitedMethods="1" numMethods="1" />
          <FullName>ShopTown.ModelComponent.GameCellModel</FullName>
          <Methods>
            <Method visited="true" cyclomaticComplexity="1" nPathComplexity="0" sequenceCoverage="100.0" branchCoverage="0" crapScore="1" isConstructor="false" isStatic="false" isGetter="false" isSetter="false">
              <Summary numSequencePoints="8" visitedSequencePoints="8" numBranchPoints="0" visitedBranchPoints="0" sequenceCoverage="100.0" branchCoverage="0" maxCyclomaticComplexity="1" minCyclomaticComplexity="1" maxCrapScore="1" minCrapScore="1" visitedClasses="0" numClasses="0" visitedMethods="1" numMethods="1" />
              <MetadataToken>100663348</MetadataToken>
              <Name>System.Void ShopTown.ModelComponent.GameCellModel::SetDefaultData(ShopTown.ModelComponent.GameCellModel)</Name>
              <FileRef uid="9" />
              <SequencePoints>
                <SequencePoint vc="2" uspid="255" ordinal="0" offset="0" sl="35" sc="5" el="35" ec="5" bec="0" bev="0" fileid="9" />
                <SequencePoint vc="2" uspid="256" ordinal="0" offset="1" sl="36" sc="9" el="36" ec="9" bec="0" bev="0" fileid="9" />
                <SequencePoint vc="2" uspid="257" ordinal="0" offset="13" sl="37" sc="9" el="37" ec="9" bec="0" bev="0" fileid="9" />
                <SequencePoint vc="2" uspid="258" ordinal="0" offset="25" sl="38" sc="9" el="38" ec="9" bec="0" bev="0" fileid="9" />
                <SequencePoint vc="2" uspid="259" ordinal="0" offset="37" sl="39" sc="9" el="39" ec="9" bec="0" bev="0" fileid="9" />
                <SequencePoint vc="2" uspid="260" ordinal="0" offset="49" sl="40" sc="9" el="40" ec="9" bec="0" bev="0" fileid="9" />
                <SequencePoint vc="2" uspid="261" ordinal="0" offset="61" sl="41" sc="9" el="41" ec="9" bec="0" bev="0" fileid="9" />
                <SequencePoint vc="2" uspid="262" ordinal="0" offset="73" sl="42" sc="5" el="42" ec="5" bec="0" bev="0" fileid="9" />
              </SequencePoints>
              <BranchPoints />
            </Method>
          </Methods>
        </Class>
        <Class>
          <Summary numSequencePoints="5" visitedSequencePoints="5" numBranchPoints="0" visitedBranchPoints="0" sequenceCoverage="100.0" branchCoverage="0.0" maxCyclomaticComplexity="1" minCyclomaticComplexity="1" maxCrapScore="1" minCrapScore="1" visitedClasses="1" numClasses="1" visitedMethods="1" numMethods="1" />
          <FullName>ShopTown.ModelComponent.ImprovementModel</FullName>
          <Methods>
            <Method visited="true" cyclomaticComplexity="1" nPathComplexity="0" sequenceCoverage="100.0" branchCoverage="0" crapScore="1" isConstructor="false" isStatic="false" isGetter="false" isSetter="false">
[...]
              <MetadataToken>100663403</MetadataToken>
              <Name>System.Void UpgradePresenterTester::Activate_NotActivatedUpgrade_SetsTrue()</Name>
              <FileRef uid="66" />
              <SequencePoints>
                <SequencePoint vc="1" uspid="2455" ordinal="0" offset="0" sl="114" sc="5" el="114" ec="5" bec="0" bev="0" fileid="66" />
                <SequencePoint vc="1" uspid="2456" ordinal="0" offset="1" sl="115" sc="9" el="115" ec="9" bec="0" bev="0" fileid="66" />
                <SequencePoint vc="1" uspid="2457" ordinal="0" offset="18" sl="116" sc="9" el="116" ec="9" bec="0" bev="0" fileid="66" />
                <SequencePoint vc="1" uspid="2458" ordinal="0" offset="35" sl="117" sc="9" el="117" ec="9" bec="0" bev="0" fileid="66" />
                <SequencePoint vc="1" uspid="2459" ordinal="0" offset="47" sl="118" sc="9" el="118" ec="9" bec="0" bev="0" fileid="66" />
                <SequencePoint vc="1" uspid="2460" ordinal="0" offset="69" sl="119" sc="5" el="119" ec="5" bec="0" bev="0" fileid="66" />
              </SequencePoints>
              <BranchPoints />
            </Method>
            <Method visited="true" cyclomaticComplexity="1" nPathComplexity="0" sequenceCoverage="100.0" branchCoverage="0" crapScore="1" isConstructor="false" isStatic="false" isGetter="false" isSetter="false">
              <Summary numSequencePoints="6" visitedSequencePoints="6" numBranchPoints="0" visitedBranchPoints="0" sequenceCoverage="100.0" branchCoverage="0" maxCyclomaticComplexity="1" minCyclomaticComplexity="1" maxCrapScore="1" minCrapScore="1" visitedClasses="0" numClasses="0" visitedMethods="1" numMethods="1" />
              <MetadataToken>100663404</MetadataToken>
              <Name>System.Void UpgradePresenterTester::Activate_NotActivatedUpgrade_SetsLock()</Name>
              <FileRef uid="66" />
              <SequencePoints>
                <SequencePoint vc="1" uspid="2461" ordinal="0" offset="0" sl="123" sc="5" el="123" ec="5" bec="0" bev="0" fileid="66" />
                <SequencePoint vc="1" uspid="2462" ordinal="0" offset="1" sl="124" sc="9" el="124" ec="9" bec="0" bev="0" fileid="66" />
                <SequencePoint vc="1" uspid="2463" ordinal="0" offset="18" sl="125" sc="9" el="125" ec="9" bec="0" bev="0" fileid="66" />
                <SequencePoint vc="1" uspid="2464" ordinal="0" offset="35" sl="126" sc="9" el="126" ec="9" bec="0" bev="0" fileid="66" />
                <SequencePoint vc="1" uspid="2465" ordinal="0" offset="47" sl="127" sc="9" el="127" ec="9" bec="0" bev="0" fileid="66" />
                <SequencePoint vc="1" uspid="2466" ordinal="0" offset="80" sl="128" sc="5" el="128" ec="5" bec="0" bev="0" fileid="66" />
              </SequencePoints>
              <BranchPoints />
            </Method>
          </Methods>
        </Class>
        <Class>
          <Summary numSequencePoints="1" visitedSequencePoints="1" numBranchPoints="0" visitedBranchPoints="0" sequenceCoverage="100.0" branchCoverage="0.0" maxCyclomaticComplexity="1" minCyclomaticComplexity="1" maxCrapScore="1" minCrapScore="1" visitedClasses="1" numClasses="1" visitedMethods="1" numMethods="1" />
          <FullName>GameBoardControllerTester/&lt;&gt;c__DisplayClass10_0</FullName>
          <Methods>
            <Method visited="true" cyclomaticComplexity="1" nPathComplexity="0" sequenceCoverage="100.0" branchCoverage="0" crapScore="1" isConstructor="false" isStatic="false" isGetter="false" isSetter="false">
              <Summary numSequencePoints="1" visitedSequencePoints="1" numBranchPoints="0" visitedBranchPoints="0" sequenceCoverage="100.0" branchCoverage="0" maxCyclomaticComplexity="1" minCyclomaticComplexity="1" maxCrapScore="1" minCrapScore="1" visitedClasses="0" numClasses="0" visitedMethods="1" numMethods="1" />
              <MetadataToken>100663407</MetadataToken>
              <Name>System.Void GameBoardControllerTester/&lt;&gt;c__DisplayClass10_0::&lt;Initialize_ByCallingOfCreateBoard_InvokesSetOfflineProfitEvent&gt;b__0(ShopTown.ControllerComponent.IGameData)</Name>
              <FileRef uid="58" />
              <SequencePoints>
                <SequencePoint vc="1" uspid="2467" ordinal="0" offset="0" sl="53" sc="53" el="53" ec="53" bec="0" bev="0" fileid="58" />
              </SequencePoints>
              <BranchPoints />
            </Method>
          </Methods>
        </Class>
        <Class>
          <Summary numSequencePoints="1" visitedSequencePoints="1" numBranchPoints="0" visitedBranchPoints="0" sequenceCoverage="100.0" branchCoverage="0.0" maxCyclomaticComplexity="1" minCyclomaticComplexity="1" maxCrapScore="1" minCrapScore="1" visitedClasses="1" numClasses="1" visitedMethods="1" numMethods="1" />
          <FullName>ManagerControllerTester/&lt;&gt;c__DisplayClass11_0</FullName>
          <Methods>
            <Method visited="true" cyclomaticComplexity="1" nPathComplexity="0" sequenceCoverage="100.0" branchCoverage="0" crapScore="1" isConstructor="false" isStatic="false" isGetter="false" isSetter="false">
              <Summary numSequencePoints="1" visitedSequencePoints="1" numBranchPoints="0" visitedBranchPoints="0" sequenceCoverage="100.0" branchCoverage="0" maxCyclomaticComplexity="1" minCyclomaticComplexity="1" maxCrapScore="1" minCrapScore="1" visitedClasses="0" numClasses="0" visitedMethods="1" numMethods="1" />
              <MetadataToken>100663409</MetadataToken>
              <Name>System.Void ManagerControllerTester/&lt;&gt;c__DisplayClass11_0::&lt;TuneSubstitutes&gt;b__0(ShopTown.ModelComponent.ImprovementState)</Name>
              <FileRef uid="60" />
              <SequencePoints>
                <SequencePoint vc="2" uspid="2468" ordinal="0" offset="0" sl="50" sc="58" el="50" ec="58" bec="0" bev="0" fileid="60" />
              </SequencePoints>
              <BranchPoints />
            </Method>
          </Methods>
        </Class>
        <Class>
          <Summary numSequencePoints="1" visitedSequencePoints="1" numBranchPoints="0" visitedBranchPoints="0" sequenceCoverage="100.0" branchCoverage="0.0" maxCyclomaticComplexity="1" minCyclomaticComplexity="1" maxCrapScore="1" minCrapScore="1" visitedClasses="1" numClasses="1" visitedMethods="1" numMethods="1" />
          <FullName>UpgradeControllerTester/&lt;&gt;c__DisplayClass11_0</FullName>
          <Methods>
            <Method visited="true" cyclomaticComplexity="1" nPathComplexity="0" sequenceCoverage="100.0" branchCoverage="0" crapScore="1" isConstructor="false" isStatic="false" isGetter="false" isSetter="false">
              <Summary numSequencePoints="1" visitedSequencePoints="1" numBranchPoints="0" visitedBranchPoints="0" sequenceCoverage="100.0" branchCoverage="0" maxCyclomaticComplexity="1" minCyclomaticComplexity="1" maxCrapScore="1" minCrapScore="1" visitedClasses="0" numClasses="0" visitedMethods="1" numMethods="1" />
              <MetadataToken>100663411</MetadataToken>
              <Name>System.Void UpgradeControllerTester/&lt;&gt;c__DisplayClass11_0::&lt;TuneSubstitutes&gt;b__0(ShopTown.ModelComponent.ImprovementState)</Name>
              <FileRef uid="61" />
              <SequencePoints>
                <SequencePoint vc="2" uspid="2469" ordinal="0" offset="0" sl="50" sc="58" el="50" ec="58" bec="0" bev="0" fileid="61" />
              </SequencePoints>
              <BranchPoints />
            </Method>
          </Methods>
        </Class>
        <Class>
          <Summary numSequencePoints="1" visitedSequencePoints="1" numBranchPoints="0" visitedBranchPoints="0" sequenceCoverage="100.0" branchCoverage="0.0" maxCyclomaticComplexity="1" minCyclomaticComplexity="1" maxCrapScore="1" minCrapScore="1" visitedClasses="1" numClasses="1" visitedMethods="1" numMethods="1" />
          <FullName>GameCellPresenterTester/&lt;&gt;c__DisplayClass6_0</FullName>
          <Methods>
            <Method visited="true" cyclomaticComplexity="1" nPathComplexity="0" sequenceCoverage="100.0" branchCoverage="0" crapScore="1" isConstructor="false" isStatic="false" isGetter="false" isSetter="false">
              <Summary numSequencePoints="1" visitedSequencePoints="1" numBranchPoints="0" visitedBranchPoints="0" sequenceCoverage="100.0" branchCoverage="0" maxCyclomaticComplexity="1" minCyclomaticComplexity="1" maxCrapScore="1" minCrapScore="1" visitedClasses="0" numClasses="0" visitedMethods="1" numMethods="1" />
              <MetadataToken>100663413</MetadataToken>
              <Name>System.Void GameCellPresenterTester/&lt;&gt;c__DisplayClass6_0::&lt;SetState_OnUnlock_CallsChangeEvent&gt;b__0()</Name>
              <FileRef uid="64" />
              <SequencePoints>
                <SequencePoint vc="1" uspid="2470" ordinal="0" offset="0" sl="46" sc="41" el="46" ec="41" bec="0" bev="0" fileid="64" />
              </SequencePoints>
              <BranchPoints />
            </Method>
          </Methods>
        </Class>
        <Class>
          <Summary numSequencePoints="1" visitedSequencePoints="1" numBranchPoints="0" visitedBranchPoints="0" sequenceCoverage="100.0" branchCoverage="0.0" maxCyclomaticComplexity="1" minCyclomaticComplexity="1" maxCrapScore="1" minCrapScore="1" visitedClasses="1" numClasses="1" visitedMethods="1" numMethods="1" />
          <FullName>GameCellPresenterTester/&lt;&gt;c__DisplayClass11_0</FullName>
          <Methods>
            <Method visited="true" cyclomaticComplexity="1" nPathComplexity="0" sequenceCoverage="100.0" branchCoverage="0" crapScore="1" isConstructor="false" isStatic="false" isGetter="false" isSetter="false">
              <Summary numSequencePoints="1" visitedSequencePoints="1" numBranchPoints="0" visitedBranchPoints="0" sequenceCoverage="100.0" branchCoverage="0" maxCyclomaticComplexity="1" minCyclomaticComplexity="1" maxCrapScore="1" minCrapScore="1" visitedClasses="0" numClasses="0" visitedMethods="1" numMethods="1" />
              <MetadataToken>100663415</MetadataToken>
              <Name>System.Void GameCellPresenterTester/&lt;&gt;c__DisplayClass11_0::&lt;SetState_InProgressWithoutManager_CallsInProgressEndEvent&gt;b__0(ShopTown.ModelComponent.MoneyModel)</Name>
              <FileRef uid="64" />
              <SequencePoints>
                <SequencePoint vc="1" uspid="2471" ordinal="0" offset="0" sl="85" sc="49" el="85" ec="49" bec="0" bev="0" fileid="64" />
              </SequencePoints>
              <BranchPoints />
            </Method>
          </Methods>
        </Class>
        <Class>
          <Summary numSequencePoints="1" visitedSequencePoints="1" numBranchPoints="0" visitedBranchPoints="0" sequenceCoverage="100.0" branchCoverage="0.0" maxCyclomaticComplexity="1" minCyclomaticComplexity="1" maxCrapScore="1" minCrapScore="1" visitedClasses="1" numClasses="1" visitedMethods="1" numMethods="1" />
          <FullName>GameCellPresenterTester/&lt;&gt;c__DisplayClass12_0</FullName>
          <Methods>
            <Method visited="true" cyclomaticComplexity="1" nPathComplexity="0" sequenceCoverage="100.0" branchCoverage="0" crapScore="1" isConstructor="false" isStatic="false" isGetter="false" isSetter="false">
              <Summary numSequencePoints="1" visitedSequencePoints="1" numBranchPoints="0" visitedBranchPoints="0" sequenceCoverage="100.0" branchCoverage="0" maxCyclomaticComplexity="1" minCyclomaticComplexity="1" maxCrapScore="1" minCrapScore="1" visitedClasses="0" numClasses="0" visitedMethods="1" numMethods="1" />
              <MetadataToken>100663417</MetadataToken>
              <Name>System.Void GameCellPresenterTester/&lt;&gt;c__DisplayClass12_0::&lt;SetState_InProgressWithoutManager_CallsGetOfflineProfitEvent&gt;b__0(ShopTown.ModelComponent.MoneyModel)</Name>
              <FileRef uid="64" />
              <SequencePoints>
                <SequencePoint vc="1" uspid="2472" ordinal="0" offset="0" sl="94" sc="64" el="94" ec="64" bec="0" bev="0" fileid="64" />
              </SequencePoints>
              <BranchPoints />
            </Method>
          </Methods>
        </Class>
        <Class>
          <Summary numSequencePoints="1" visitedSequencePoints="1" numBranchPoints="0" visitedBranchPoints="0" sequenceCoverage="100.0" branchCoverage="0.0" maxCyclomaticComplexity="1" minCyclomaticComplexity="1" maxCrapScore="1" minCrapScore="1" visitedClasses="1" numClasses="1" visitedMethods="1" numMethods="1" />
          <FullName>GameCellPresenterTester/&lt;&gt;c__DisplayClass14_0</FullName>
          <Methods>
            <Method visited="true" cyclomaticComplexity="1" nPathComplexity="0" sequenceCoverage="100.0" branchCoverage="0" crapScore="1" isConstructor="false" isStatic="false" isGetter="false" isSetter="false">
              <Summary numSequencePoints="1" visitedSequencePoints="1" numBranchPoints="0" visitedBranchPoints="0" sequenceCoverage="100.0" branchCoverage="0" maxCyclomaticComplexity="1" minCyclomaticComplexity="1" maxCrapScore="1" minCrapScore="1" visitedClasses="0" numClasses="0" visitedMethods="1" numMethods="1" />
              <MetadataToken>100663419</MetadataToken>
              <Name>System.Void GameCellPresenterTester/&lt;&gt;c__DisplayClass14_0::&lt;SetState_InProgressWithManager_CallsInProgressEndEvent&gt;b__0(ShopTown.ModelComponent.MoneyModel)</Name>
              <FileRef uid="64" />
              <SequencePoints>
                <SequencePoint vc="1" uspid="2473" ordinal="0" offset="0" sl="110" sc="49" el="110" ec="49" bec="0" bev="0" fileid="64" />
              </SequencePoints>
              <BranchPoints />
            </Method>
          </Methods>
        </Class>
        <Class>
          <Summary numSequencePoints="1" visitedSequencePoints="1" numBranchPoints="0" visitedBranchPoints="0" sequenceCoverage="100.0" branchCoverage="0.0" maxCyclomaticComplexity="1" minCyclomaticComplexity="1" maxCrapScore="1" minCrapScore="1" visitedClasses="1" numClasses="1" visitedMethods="1" numMethods="1" />
          <FullName>GameCellPresenterTester/&lt;&gt;c__DisplayClass15_0</FullName>
          <Methods>
            <Method visited="true" cyclomaticComplexity="1" nPathComplexity="0" sequenceCoverage="100.0" branchCoverage="0" crapScore="1" isConstructor="false" isStatic="false" isGetter="false" isSetter="false">
              <Summary numSequencePoints="1" visitedSequencePoints="1" numBranchPoints="0" visitedBranchPoints="0" sequenceCoverage="100.0" branchCoverage="0" maxCyclomaticComplexity="1" minCyclomaticComplexity="1" maxCrapScore="1" minCrapScore="1" visitedClasses="0" numClasses="0" visitedMethods="1" numMethods="1" />
              <MetadataToken>100663421</MetadataToken>
              <Name>System.Void GameCellPresenterTester/&lt;&gt;c__DisplayClass15_0::&lt;SetState_InProgressWithManager_CallsGetOfflineProfitEvent&gt;b__0(ShopTown.ModelComponent.MoneyModel)</Name>
              <FileRef uid="64" />
              <SequencePoints>
                <SequencePoint vc="1" uspid="2474" ordinal="0" offset="0" sl="120" sc="64" el="120" ec="64" bec="0" bev="0" fileid="64" />
              </SequencePoints>
              <BranchPoints />
            </Method>
          </Methods>
        </Class>
        <Class>
          <Summary numSequencePoints="1" visitedSequencePoints="1" numBranchPoints="0" visitedBranchPoints="0" sequenceCoverage="100.0" branchCoverage="0.0" maxCyclomaticComplexity="1" minCyclomaticComplexity="1" maxCrapScore="1" minCrapScore="1" visitedClasses="1" numClasses="1" visitedMethods="1" numMethods="1" />
          <FullName>GameCellPresenterTester/&lt;&gt;c__DisplayClass16_0</FullName>
          <Methods>
            <Method visited="true" cyclomaticComplexity="1" nPathComplexity="0" sequenceCoverage="100.0" branchCoverage="0" crapScore="1" isConstructor="false" isStatic="false" isGetter="false" isSetter="false">
              <Summary numSequencePoints="1" visitedSequencePoints="1" numBranchPoints="0" visitedBranchPoints="0" sequenceCoverage="100.0" branchCoverage="0" maxCyclomaticComplexity="1" minCyclomaticComplexity="1" maxCrapScore="1" minCrapScore="1" visitedClasses="0" numClasses="0" visitedMethods="1" numMethods="1" />
              <MetadataToken>100663423</MetadataToken>
              <Name>System.Void GameCellPresenterTester/&lt;&gt;c__DisplayClass16_0::&lt;SetState_InProgress_InvokesInProgressEndEventByCallBack&gt;b__0(ShopTown.ModelComponent.MoneyModel)</Name>
              <FileRef uid="64" />
              <SequencePoints>
                <SequencePoint vc="1" uspid="2475" ordinal="0" offset="0" sl="130" sc="49" el="130" ec="49" bec="0" bev="0" fileid="64" />
              </SequencePoints>
              <BranchPoints />
            </Method>
          </Methods>
        </Class>
        <Class>
          <Summary numSequencePoints="1" visitedSequencePoints="1" numBranchPoints="0" visitedBranchPoints="0" sequenceCoverage="100.0" branchCoverage="0.0" maxCyclomaticComplexity="1" minCyclomaticComplexity="1" maxCrapScore="1" minCrapScore="1" visitedClasses="1" numClasses="1" visitedMethods="1" numMethods="1" />
          <FullName>ManagerPresenterTester/&lt;&gt;c__DisplayClass12_0</FullName>
          <Methods>
            <Method visited="true" cyclomaticComplexity="1" nPathComplexity="0" sequenceCoverage="100.0" branchCoverage="0" crapScore="1" isConstructor="false" isStatic="false" isGetter="false" isSetter="false">
              <Summary numSequencePoints="1" visitedSequencePoints="1" numBranchPoints="0" visitedBranchPoints="0" sequenceCoverage="100.0" branchCoverage="0" maxCyclomaticComplexity="1" minCyclomaticComplexity="1" maxCrapScore="1" minCrapScore="1" visitedClasses="0" numClasses="0" visitedMethods="1" numMethods="1" />
              <MetadataToken>100663425</MetadataToken>
              <Name>System.Void ManagerPresenterTester/&lt;&gt;c__DisplayClass12_0::&lt;SetState_NotActivatedManager_InvokesChangeEvent&gt;b__0()</Name>
              <FileRef uid="65" />
              <SequencePoints>
                <SequencePoint vc="1" uspid="2476" ordinal="0" offset="0" sl="82" sc="41" el="82" ec="41" bec="0" bev="0" fileid="65" />
              </SequencePoints>
              <BranchPoints />
            </Method>
          </Methods>
        </Class>
        <Class>
          <Summary numSequencePoints="1" visitedSequencePoints="1" numBranchPoints="0" visitedBranchPoints="0" sequenceCoverage="100.0" branchCoverage="0.0" maxCyclomaticComplexity="1" minCyclomaticComplexity="1" maxCrapScore="1" minCrapScore="1" visitedClasses="1" numClasses="1" visitedMethods="1" numMethods="1" />
          <FullName>UpgradePresenterTester/&lt;&gt;c__DisplayClass12_0</FullName>
          <Methods>
            <Method visited="true" cyclomaticComplexity="1" nPathComplexity="0" sequenceCoverage="100.0" branchCoverage="0" crapScore="1" isConstructor="false" isStatic="false" isGetter="false" isSetter="false">
              <Summary numSequencePoints="1" visitedSequencePoints="1" numBranchPoints="0" visitedBranchPoints="0" sequenceCoverage="100.0" branchCoverage="0" maxCyclomaticComplexity="1" minCyclomaticComplexity="1" maxCrapScore="1" minCrapScore="1" visitedClasses="0" numClasses="0" visitedMethods="1" numMethods="1" />
              <MetadataToken>100663427</MetadataToken>
              <Name>System.Void UpgradePresenterTester/&lt;&gt;c__DisplayClass12_0::&lt;SetState_NotActivatedUpgrade_InvokesChangeEvent&gt;b__0()</Name>
              <FileRef uid="66" />
              <SequencePoints>
                <SequencePoint vc="1" uspid="2477" ordinal="0" offset="0" sl="84" sc="41" el="84" ec="41" bec="0" bev="0" fileid="66" />
              </SequencePoints>
              <BranchPoints />
            </Method>
          </Methods>
        </Class>
      </Classes>
    </Module>
  </Modules>
</CoverageSession>